{"/Users/srijachatterjee/Code/career-compass/frontend/src/ai/dev.ts": {"path":"/Users/srijachatterjee/Code/career-compass/frontend/src/ai/dev.ts","statementMap":{"0":{"start":{"line":2,"column":23},"end":{"line":2,"column":null}},"1":{"start":{"line":5,"column":7},"end":{"line":5,"column":null}},"2":{"start":{"line":6,"column":7},"end":{"line":6,"column":null}},"3":{"start":{"line":7,"column":7},"end":{"line":7,"column":null}},"4":{"start":{"line":8,"column":7},"end":{"line":8,"column":46}},"5":{"start":{"line":3,"column":0},"end":{"line":3,"column":null}}},"fnMap":{},"branchMap":{},"s":{"0":0,"1":0,"2":0,"3":0,"4":0,"5":0},"f":{},"b":{}}
,"/Users/srijachatterjee/Code/career-compass/frontend/src/ai/genkit.ts": {"path":"/Users/srijachatterjee/Code/career-compass/frontend/src/ai/genkit.ts","statementMap":{"0":{"start":{"line":4,"column":13},"end":{"line":4,"column":18}},"1":{"start":{"line":1,"column":23},"end":{"line":1,"column":null}},"2":{"start":{"line":2,"column":25},"end":{"line":2,"column":null}},"3":{"start":{"line":4,"column":18},"end":{"line":7,"column":null}}},"fnMap":{},"branchMap":{},"s":{"0":0,"1":0,"2":0,"3":0},"f":{},"b":{}}
,"/Users/srijachatterjee/Code/career-compass/frontend/src/ai/flows/generate-cover-letter.ts": {"path":"/Users/srijachatterjee/Code/career-compass/frontend/src/ai/flows/generate-cover-letter.ts","statementMap":{"0":{"start":{"line":11,"column":16},"end":{"line":11,"column":null}},"1":{"start":{"line":13,"column":39},"end":{"line":18,"column":null}},"2":{"start":{"line":21,"column":40},"end":{"line":23,"column":null}}},"fnMap":{},"branchMap":{},"s":{"0":0,"1":0,"2":0},"f":{},"b":{}}
,"/Users/srijachatterjee/Code/career-compass/frontend/src/ai/flows/improve-resume.ts": {"path":"/Users/srijachatterjee/Code/career-compass/frontend/src/ai/flows/improve-resume.ts","statementMap":{"0":{"start":{"line":31,"column":22},"end":{"line":31,"column":36}},"1":{"start":{"line":11,"column":17},"end":{"line":11,"column":null}},"2":{"start":{"line":12,"column":16},"end":{"line":12,"column":null}},"3":{"start":{"line":14,"column":33},"end":{"line":21,"column":null}},"4":{"start":{"line":24,"column":34},"end":{"line":28,"column":null}},"5":{"start":{"line":32,"column":2},"end":{"line":32,"column":null}},"6":{"start":{"line":35,"column":28},"end":{"line":49,"column":null}},"7":{"start":{"line":51,"column":26},"end":{"line":60,"column":null}},"8":{"start":{"line":58,"column":21},"end":{"line":58,"column":null}},"9":{"start":{"line":59,"column":4},"end":{"line":59,"column":null}}},"fnMap":{"0":{"name":"improveResume","decl":{"start":{"line":31,"column":22},"end":{"line":31,"column":36}},"loc":{"start":{"line":31,"column":61},"end":{"line":33,"column":null}}},"1":{"name":"(anonymous_2)","decl":{"start":{"line":57,"column":2},"end":{"line":57,"column":8}},"loc":{"start":{"line":57,"column":8},"end":{"line":60,"column":null}}}},"branchMap":{},"s":{"0":0,"1":0,"2":0,"3":0,"4":0,"5":0,"6":0,"7":0,"8":0,"9":0},"f":{"0":0,"1":0},"b":{}}
,"/Users/srijachatterjee/Code/career-compass/frontend/src/ai/flows/optimize-cover-letter.ts": {"path":"/Users/srijachatterjee/Code/career-compass/frontend/src/ai/flows/optimize-cover-letter.ts","statementMap":{"0":{"start":{"line":37,"column":22},"end":{"line":37,"column":42}},"1":{"start":{"line":13,"column":17},"end":{"line":13,"column":null}},"2":{"start":{"line":14,"column":16},"end":{"line":14,"column":null}},"3":{"start":{"line":16,"column":39},"end":{"line":27,"column":null}},"4":{"start":{"line":30,"column":40},"end":{"line":34,"column":null}},"5":{"start":{"line":38,"column":2},"end":{"line":38,"column":null}},"6":{"start":{"line":41,"column":34},"end":{"line":65,"column":null}},"7":{"start":{"line":67,"column":32},"end":{"line":79,"column":null}},"8":{"start":{"line":74,"column":21},"end":{"line":74,"column":null}},"9":{"start":{"line":75,"column":4},"end":{"line":77,"column":null}},"10":{"start":{"line":76,"column":6},"end":{"line":76,"column":null}},"11":{"start":{"line":78,"column":4},"end":{"line":78,"column":null}}},"fnMap":{"0":{"name":"optimizeCoverLetter","decl":{"start":{"line":37,"column":22},"end":{"line":37,"column":42}},"loc":{"start":{"line":37,"column":73},"end":{"line":39,"column":null}}},"1":{"name":"(anonymous_2)","decl":{"start":{"line":73,"column":2},"end":{"line":73,"column":8}},"loc":{"start":{"line":73,"column":8},"end":{"line":79,"column":null}}}},"branchMap":{"0":{"loc":{"start":{"line":75,"column":4},"end":{"line":77,"column":null}},"type":"if","locations":[{"start":{"line":75,"column":4},"end":{"line":77,"column":null}}]}},"s":{"0":0,"1":0,"2":0,"3":0,"4":0,"5":0,"6":0,"7":0,"8":0,"9":0,"10":0,"11":0},"f":{"0":0,"1":0},"b":{"0":[0]}}
,"/Users/srijachatterjee/Code/career-compass/frontend/src/ai/flows/optimize-resume-section.ts": {"path":"/Users/srijachatterjee/Code/career-compass/frontend/src/ai/flows/optimize-resume-section.ts","statementMap":{"0":{"start":{"line":34,"column":22},"end":{"line":34,"column":44}},"1":{"start":{"line":12,"column":17},"end":{"line":12,"column":null}},"2":{"start":{"line":13,"column":16},"end":{"line":13,"column":null}},"3":{"start":{"line":15,"column":41},"end":{"line":24,"column":null}},"4":{"start":{"line":27,"column":42},"end":{"line":31,"column":null}},"5":{"start":{"line":35,"column":2},"end":{"line":35,"column":null}},"6":{"start":{"line":38,"column":36},"end":{"line":59,"column":null}},"7":{"start":{"line":61,"column":34},"end":{"line":73,"column":null}},"8":{"start":{"line":68,"column":21},"end":{"line":68,"column":null}},"9":{"start":{"line":69,"column":4},"end":{"line":71,"column":null}},"10":{"start":{"line":70,"column":6},"end":{"line":70,"column":null}},"11":{"start":{"line":72,"column":4},"end":{"line":72,"column":null}}},"fnMap":{"0":{"name":"optimizeResumeSection","decl":{"start":{"line":34,"column":22},"end":{"line":34,"column":44}},"loc":{"start":{"line":34,"column":77},"end":{"line":36,"column":null}}},"1":{"name":"(anonymous_2)","decl":{"start":{"line":67,"column":2},"end":{"line":67,"column":8}},"loc":{"start":{"line":67,"column":8},"end":{"line":73,"column":null}}}},"branchMap":{"0":{"loc":{"start":{"line":69,"column":4},"end":{"line":71,"column":null}},"type":"if","locations":[{"start":{"line":69,"column":4},"end":{"line":71,"column":null}}]}},"s":{"0":0,"1":0,"2":0,"3":0,"4":0,"5":0,"6":0,"7":0,"8":0,"9":0,"10":0,"11":0},"f":{"0":0,"1":0},"b":{"0":[0]}}
,"/Users/srijachatterjee/Code/career-compass/frontend/src/app/layout.tsx": {"path":"/Users/srijachatterjee/Code/career-compass/frontend/src/app/layout.tsx","statementMap":{"0":{"start":{"line":13,"column":24},"end":{"line":13,"column":35}},"1":{"start":{"line":8,"column":13},"end":{"line":8,"column":21}},"2":{"start":{"line":2,"column":7},"end":{"line":2,"column":null}},"3":{"start":{"line":3,"column":25},"end":{"line":3,"column":null}},"4":{"start":{"line":4,"column":24},"end":{"line":4,"column":null}},"5":{"start":{"line":5,"column":30},"end":{"line":5,"column":null}},"6":{"start":{"line":8,"column":34},"end":{"line":11,"column":null}}},"fnMap":{"0":{"name":"RootLayout","decl":{"start":{"line":13,"column":24},"end":{"line":13,"column":35}},"loc":{"start":{"line":17,"column":2},"end":{"line":41,"column":1}}}},"branchMap":{},"s":{"0":0,"1":0,"2":0,"3":0,"4":0,"5":0,"6":0},"f":{"0":0},"b":{}}
,"/Users/srijachatterjee/Code/career-compass/frontend/src/app/page.tsx": {"path":"/Users/srijachatterjee/Code/career-compass/frontend/src/app/page.tsx","statementMap":{"0":{"start":{"line":8,"column":24},"end":{"line":8,"column":null}},"1":{"start":{"line":3,"column":26},"end":{"line":3,"column":null}},"2":{"start":{"line":4,"column":26},"end":{"line":4,"column":null}},"3":{"start":{"line":5,"column":24},"end":{"line":5,"column":null}},"4":{"start":{"line":6,"column":22},"end":{"line":6,"column":null}},"5":{"start":{"line":9,"column":28},"end":{"line":9,"column":null}},"6":{"start":{"line":10,"column":17},"end":{"line":10,"column":null}},"7":{"start":{"line":12,"column":2},"end":{"line":20,"column":null}},"8":{"start":{"line":13,"column":4},"end":{"line":19,"column":null}},"9":{"start":{"line":14,"column":6},"end":{"line":18,"column":null}},"10":{"start":{"line":15,"column":8},"end":{"line":15,"column":null}},"11":{"start":{"line":17,"column":8},"end":{"line":17,"column":null}}},"fnMap":{"0":{"name":"HomePage","decl":{"start":{"line":8,"column":24},"end":{"line":8,"column":null}},"loc":{"start":{"line":8,"column":24},"end":{"line":28,"column":null}}},"1":{"name":"(anonymous_2)","decl":{"start":{"line":12,"column":12},"end":{"line":12,"column":null}},"loc":{"start":{"line":12,"column":12},"end":{"line":20,"column":5}}}},"branchMap":{"0":{"loc":{"start":{"line":13,"column":4},"end":{"line":19,"column":null}},"type":"if","locations":[{"start":{"line":13,"column":4},"end":{"line":19,"column":null}}]},"1":{"loc":{"start":{"line":14,"column":6},"end":{"line":18,"column":null}},"type":"if","locations":[{"start":{"line":14,"column":6},"end":{"line":18,"column":null}},{"start":{"line":16,"column":13},"end":{"line":18,"column":null}}]}},"s":{"0":0,"1":0,"2":0,"3":0,"4":0,"5":0,"6":0,"7":0,"8":0,"9":0,"10":0,"11":0},"f":{"0":0,"1":0},"b":{"0":[0],"1":[0,0]}}
,"/Users/srijachatterjee/Code/career-compass/frontend/src/app/(app)/layout.tsx": {"path":"/Users/srijachatterjee/Code/career-compass/frontend/src/app/(app)/layout.tsx","statementMap":{"0":{"start":{"line":11,"column":24},"end":{"line":11,"column":34}},"1":{"start":{"line":4,"column":26},"end":{"line":4,"column":null}},"2":{"start":{"line":5,"column":39},"end":{"line":5,"column":null}},"3":{"start":{"line":6,"column":24},"end":{"line":6,"column":null}},"4":{"start":{"line":7,"column":22},"end":{"line":7,"column":null}},"5":{"start":{"line":8,"column":22},"end":{"line":8,"column":null}},"6":{"start":{"line":9,"column":24},"end":{"line":9,"column":null}},"7":{"start":{"line":12,"column":28},"end":{"line":12,"column":null}},"8":{"start":{"line":13,"column":17},"end":{"line":13,"column":null}},"9":{"start":{"line":14,"column":19},"end":{"line":14,"column":34}},"10":{"start":{"line":16,"column":2},"end":{"line":25,"column":null}},"11":{"start":{"line":17,"column":4},"end":{"line":17,"column":null}},"12":{"start":{"line":19,"column":4},"end":{"line":24,"column":null}},"13":{"start":{"line":20,"column":6},"end":{"line":20,"column":null}},"14":{"start":{"line":21,"column":6},"end":{"line":21,"column":null}},"15":{"start":{"line":22,"column":11},"end":{"line":24,"column":null}},"16":{"start":{"line":23,"column":6},"end":{"line":23,"column":null}},"17":{"start":{"line":27,"column":2},"end":{"line":35,"column":null}},"18":{"start":{"line":28,"column":4},"end":{"line":28,"column":null}},"19":{"start":{"line":37,"column":2},"end":{"line":39,"column":null}},"20":{"start":{"line":38,"column":5},"end":{"line":38,"column":null}}},"fnMap":{"0":{"name":"AppLayout","decl":{"start":{"line":11,"column":24},"end":{"line":11,"column":34}},"loc":{"start":{"line":11,"column":77},"end":{"line":51,"column":null}}},"1":{"name":"(anonymous_3)","decl":{"start":{"line":16,"column":12},"end":{"line":16,"column":null}},"loc":{"start":{"line":16,"column":12},"end":{"line":25,"column":5}}}},"branchMap":{"0":{"loc":{"start":{"line":19,"column":4},"end":{"line":24,"column":null}},"type":"if","locations":[{"start":{"line":19,"column":4},"end":{"line":24,"column":null}},{"start":{"line":22,"column":11},"end":{"line":24,"column":null}}]},"1":{"loc":{"start":{"line":19,"column":8},"end":{"line":19,"column":27}},"type":"binary-expr","locations":[{"start":{"line":19,"column":8},"end":{"line":19,"column":20}},{"start":{"line":19,"column":20},"end":{"line":19,"column":27}}]},"2":{"loc":{"start":{"line":22,"column":11},"end":{"line":24,"column":null}},"type":"if","locations":[{"start":{"line":22,"column":11},"end":{"line":24,"column":null}}]},"3":{"loc":{"start":{"line":27,"column":2},"end":{"line":35,"column":null}},"type":"if","locations":[{"start":{"line":27,"column":2},"end":{"line":35,"column":null}}]},"4":{"loc":{"start":{"line":27,"column":6},"end":{"line":27,"column":143}},"type":"binary-expr","locations":[{"start":{"line":27,"column":6},"end":{"line":27,"column":18}},{"start":{"line":27,"column":18},"end":{"line":27,"column":27}},{"start":{"line":27,"column":27},"end":{"line":27,"column":60}},{"start":{"line":27,"column":60},"end":{"line":27,"column":101}},{"start":{"line":27,"column":101},"end":{"line":27,"column":143}}]},"5":{"loc":{"start":{"line":37,"column":2},"end":{"line":39,"column":null}},"type":"if","locations":[{"start":{"line":37,"column":2},"end":{"line":39,"column":null}}]}},"s":{"0":0,"1":0,"2":0,"3":0,"4":0,"5":0,"6":0,"7":0,"8":0,"9":0,"10":0,"11":0,"12":0,"13":0,"14":0,"15":0,"16":0,"17":0,"18":0,"19":0,"20":0},"f":{"0":0,"1":0},"b":{"0":[0,0],"1":[0,0],"2":[0],"3":[0],"4":[0,0,0,0,0],"5":[0]}}
,"/Users/srijachatterjee/Code/career-compass/frontend/src/app/(app)/cover-letter-generator/page.tsx": {"path":"/Users/srijachatterjee/Code/career-compass/frontend/src/app/(app)/cover-letter-generator/page.tsx","statementMap":{"0":{"start":{"line":13,"column":24},"end":{"line":13,"column":null}},"1":{"start":{"line":4,"column":25},"end":{"line":4,"column":null}},"2":{"start":{"line":5,"column":23},"end":{"line":5,"column":null}},"3":{"start":{"line":6,"column":86},"end":{"line":6,"column":null}},"4":{"start":{"line":7,"column":25},"end":{"line":7,"column":null}},"5":{"start":{"line":8,"column":50},"end":{"line":8,"column":null}},"6":{"start":{"line":9,"column":25},"end":{"line":9,"column":null}},"7":{"start":{"line":10,"column":24},"end":{"line":10,"column":null}},"8":{"start":{"line":11,"column":22},"end":{"line":11,"column":null}},"9":{"start":{"line":14,"column":44},"end":{"line":14,"column":null}},"10":{"start":{"line":15,"column":46},"end":{"line":15,"column":null}},"11":{"start":{"line":16,"column":58},"end":{"line":16,"column":null}},"12":{"start":{"line":17,"column":42},"end":{"line":17,"column":null}},"13":{"start":{"line":18,"column":34},"end":{"line":18,"column":null}},"14":{"start":{"line":20,"column":20},"end":{"line":20,"column":null}},"15":{"start":{"line":21,"column":19},"end":{"line":21,"column":null}},"16":{"start":{"line":23,"column":36},"end":{"line":68,"column":null}},"17":{"start":{"line":24,"column":4},"end":{"line":31,"column":null}},"18":{"start":{"line":25,"column":6},"end":{"line":29,"column":null}},"19":{"start":{"line":30,"column":6},"end":{"line":30,"column":null}},"20":{"start":{"line":32,"column":4},"end":{"line":32,"column":null}},"21":{"start":{"line":33,"column":4},"end":{"line":33,"column":null}},"22":{"start":{"line":37,"column":4},"end":{"line":67,"column":null}},"23":{"start":{"line":38,"column":6},"end":{"line":38,"column":63}},"24":{"start":{"line":38,"column":35},"end":{"line":38,"column":63}},"25":{"start":{"line":40,"column":28},"end":{"line":51,"column":12}},"26":{"start":{"line":53,"column":6},"end":{"line":53,"column":null}},"27":{"start":{"line":54,"column":6},"end":{"line":57,"column":null}},"28":{"start":{"line":59,"column":6},"end":{"line":59,"column":null}},"29":{"start":{"line":60,"column":6},"end":{"line":64,"column":null}},"30":{"start":{"line":66,"column":6},"end":{"line":66,"column":null}},"31":{"start":{"line":70,"column":26},"end":{"line":127,"column":null}},"32":{"start":{"line":71,"column":4},"end":{"line":78,"column":null}},"33":{"start":{"line":72,"column":6},"end":{"line":76,"column":null}},"34":{"start":{"line":77,"column":6},"end":{"line":77,"column":null}},"35":{"start":{"line":80,"column":4},"end":{"line":87,"column":null}},"36":{"start":{"line":81,"column":6},"end":{"line":85,"column":null}},"37":{"start":{"line":86,"column":6},"end":{"line":86,"column":null}},"38":{"start":{"line":89,"column":4},"end":{"line":89,"column":null}},"39":{"start":{"line":91,"column":4},"end":{"line":126,"column":null}},"40":{"start":{"line":92,"column":30},"end":{"line":96,"column":null}},"41":{"start":{"line":98,"column":23},"end":{"line":104,"column":null}},"42":{"start":{"line":106,"column":6},"end":{"line":108,"column":null}},"43":{"start":{"line":107,"column":8},"end":{"line":107,"column":null}},"44":{"start":{"line":110,"column":31},"end":{"line":110,"column":null}},"45":{"start":{"line":111,"column":6},"end":{"line":111,"column":null}},"46":{"start":{"line":113,"column":6},"end":{"line":116,"column":null}},"47":{"start":{"line":118,"column":6},"end":{"line":118,"column":null}},"48":{"start":{"line":119,"column":6},"end":{"line":123,"column":null}},"49":{"start":{"line":125,"column":6},"end":{"line":125,"column":null}},"50":{"start":{"line":150,"column":33},"end":{"line":150,"column":null}},"51":{"start":{"line":161,"column":33},"end":{"line":161,"column":null}},"52":{"start":{"line":190,"column":31},"end":{"line":190,"column":null}}},"fnMap":{"0":{"name":"CoverLetterGeneratorPage","decl":{"start":{"line":13,"column":24},"end":{"line":13,"column":null}},"loc":{"start":{"line":13,"column":24},"end":{"line":211,"column":null}}},"1":{"name":"(anonymous_2)","decl":{"start":{"line":23,"column":36},"end":{"line":23,"column":null}},"loc":{"start":{"line":23,"column":36},"end":{"line":68,"column":null}}},"2":{"name":"(anonymous_3)","decl":{"start":{"line":38,"column":24},"end":{"line":38,"column":35}},"loc":{"start":{"line":38,"column":35},"end":{"line":38,"column":63}}},"3":{"name":"(anonymous_4)","decl":{"start":{"line":70,"column":26},"end":{"line":70,"column":null}},"loc":{"start":{"line":70,"column":26},"end":{"line":127,"column":null}}},"4":{"name":"(anonymous_5)","decl":{"start":{"line":150,"column":26},"end":{"line":150,"column":27}},"loc":{"start":{"line":150,"column":33},"end":{"line":150,"column":null}}},"5":{"name":"(anonymous_6)","decl":{"start":{"line":161,"column":26},"end":{"line":161,"column":27}},"loc":{"start":{"line":161,"column":33},"end":{"line":161,"column":null}}},"6":{"name":"(anonymous_7)","decl":{"start":{"line":190,"column":24},"end":{"line":190,"column":25}},"loc":{"start":{"line":190,"column":31},"end":{"line":190,"column":null}}}},"branchMap":{"0":{"loc":{"start":{"line":24,"column":4},"end":{"line":31,"column":null}},"type":"if","locations":[{"start":{"line":24,"column":4},"end":{"line":31,"column":null}}]},"1":{"loc":{"start":{"line":24,"column":8},"end":{"line":24,"column":57}},"type":"binary-expr","locations":[{"start":{"line":24,"column":8},"end":{"line":24,"column":33}},{"start":{"line":24,"column":33},"end":{"line":24,"column":57}}]},"2":{"loc":{"start":{"line":44,"column":2},"end":{"line":44,"column":137}},"type":"cond-expr","locations":[{"start":{"line":44,"column":18},"end":{"line":44,"column":69}},{"start":{"line":44,"column":72},"end":{"line":44,"column":137}}]},"3":{"loc":{"start":{"line":46,"column":2},"end":{"line":46,"column":214}},"type":"cond-expr","locations":[{"start":{"line":46,"column":19},"end":{"line":46,"column":116}},{"start":{"line":46,"column":119},"end":{"line":46,"column":214}}]},"4":{"loc":{"start":{"line":71,"column":4},"end":{"line":78,"column":null}},"type":"if","locations":[{"start":{"line":71,"column":4},"end":{"line":78,"column":null}}]},"5":{"loc":{"start":{"line":80,"column":4},"end":{"line":87,"column":null}},"type":"if","locations":[{"start":{"line":80,"column":4},"end":{"line":87,"column":null}}]},"6":{"loc":{"start":{"line":106,"column":6},"end":{"line":108,"column":null}},"type":"if","locations":[{"start":{"line":106,"column":6},"end":{"line":108,"column":null}}]},"7":{"loc":{"start":{"line":172,"column":24},"end":{"line":172,"column":null}},"type":"binary-expr","locations":[{"start":{"line":172,"column":24},"end":{"line":172,"column":40}},{"start":{"line":172,"column":40},"end":{"line":172,"column":65}},{"start":{"line":172,"column":65},"end":{"line":172,"column":null}}]},"8":{"loc":{"start":{"line":175,"column":16},"end":{"line":177,"column":17}},"type":"cond-expr","locations":[{"start":{"line":175,"column":16},"end":{"line":177,"column":17}}]},"9":{"loc":{"start":{"line":191,"column":24},"end":{"line":191,"column":null}},"type":"binary-expr","locations":[{"start":{"line":191,"column":24},"end":{"line":191,"column":40}},{"start":{"line":191,"column":40},"end":{"line":191,"column":null}}]},"10":{"loc":{"start":{"line":197,"column":28},"end":{"line":197,"column":null}},"type":"binary-expr","locations":[{"start":{"line":197,"column":28},"end":{"line":197,"column":40}},{"start":{"line":197,"column":40},"end":{"line":197,"column":null}}]},"11":{"loc":{"start":{"line":199,"column":30},"end":{"line":199,"column":83}},"type":"cond-expr","locations":[{"start":{"line":199,"column":30},"end":{"line":199,"column":83}}]}},"s":{"0":0,"1":0,"2":0,"3":0,"4":0,"5":0,"6":0,"7":0,"8":0,"9":0,"10":0,"11":0,"12":0,"13":0,"14":0,"15":0,"16":0,"17":0,"18":0,"19":0,"20":0,"21":0,"22":0,"23":0,"24":0,"25":0,"26":0,"27":0,"28":0,"29":0,"30":0,"31":0,"32":0,"33":0,"34":0,"35":0,"36":0,"37":0,"38":0,"39":0,"40":0,"41":0,"42":0,"43":0,"44":0,"45":0,"46":0,"47":0,"48":0,"49":0,"50":0,"51":0,"52":0},"f":{"0":0,"1":0,"2":0,"3":0,"4":0,"5":0,"6":0},"b":{"0":[0],"1":[0,0],"2":[0,0],"3":[0,0],"4":[0],"5":[0],"6":[0],"7":[0,0,0],"8":[0],"9":[0,0],"10":[0,0],"11":[0]}}
,"/Users/srijachatterjee/Code/career-compass/frontend/src/app/(app)/cover-letters/edit/[letterId]/page.tsx": {"path":"/Users/srijachatterjee/Code/career-compass/frontend/src/app/(app)/cover-letters/edit/[letterId]/page.tsx","statementMap":{"0":{"start":{"line":57,"column":24},"end":{"line":57,"column":null}},"1":{"start":{"line":3,"column":52},"end":{"line":3,"column":null}},"2":{"start":{"line":4,"column":37},"end":{"line":4,"column":null}},"3":{"start":{"line":5,"column":17},"end":{"line":5,"column":null}},"4":{"start":{"line":6,"column":23},"end":{"line":6,"column":null}},"5":{"start":{"line":7,"column":22},"end":{"line":7,"column":null}},"6":{"start":{"line":8,"column":22},"end":{"line":8,"column":null}},"7":{"start":{"line":9,"column":25},"end":{"line":9,"column":null}},"8":{"start":{"line":10,"column":86},"end":{"line":10,"column":null}},"9":{"start":{"line":11,"column":100},"end":{"line":11,"column":null}},"10":{"start":{"line":12,"column":25},"end":{"line":12,"column":null}},"11":{"start":{"line":14,"column":64},"end":{"line":14,"column":null}},"12":{"start":{"line":15,"column":67},"end":{"line":15,"column":null}},"13":{"start":{"line":16,"column":19},"end":{"line":16,"column":null}},"14":{"start":{"line":48,"column":47},"end":{"line":55,"column":null}},"15":{"start":{"line":58,"column":17},"end":{"line":58,"column":null}},"16":{"start":{"line":59,"column":17},"end":{"line":59,"column":null}},"17":{"start":{"line":60,"column":19},"end":{"line":60,"column":34}},"18":{"start":{"line":61,"column":20},"end":{"line":61,"column":null}},"19":{"start":{"line":63,"column":34},"end":{"line":63,"column":null}},"20":{"start":{"line":64,"column":46},"end":{"line":64,"column":null}},"21":{"start":{"line":65,"column":34},"end":{"line":65,"column":null}},"22":{"start":{"line":66,"column":38},"end":{"line":66,"column":null}},"23":{"start":{"line":67,"column":42},"end":{"line":67,"column":null}},"24":{"start":{"line":69,"column":2},"end":{"line":99,"column":null}},"25":{"start":{"line":70,"column":4},"end":{"line":98,"column":null}},"26":{"start":{"line":71,"column":30},"end":{"line":96,"column":null}},"27":{"start":{"line":72,"column":8},"end":{"line":72,"column":null}},"28":{"start":{"line":74,"column":8},"end":{"line":74,"column":null}},"29":{"start":{"line":74,"column":37},"end":{"line":74,"column":null}},"30":{"start":{"line":75,"column":27},"end":{"line":75,"column":null}},"31":{"start":{"line":75,"column":63},"end":{"line":75,"column":null}},"32":{"start":{"line":77,"column":8},"end":{"line":94,"column":null}},"33":{"start":{"line":78,"column":10},"end":{"line":78,"column":null}},"34":{"start":{"line":79,"column":10},"end":{"line":86,"column":null}},"35":{"start":{"line":88,"column":10},"end":{"line":92,"column":null}},"36":{"start":{"line":93,"column":10},"end":{"line":93,"column":null}},"37":{"start":{"line":95,"column":8},"end":{"line":95,"column":null}},"38":{"start":{"line":97,"column":6},"end":{"line":97,"column":null}},"39":{"start":{"line":101,"column":28},"end":{"line":103,"column":null}},"40":{"start":{"line":102,"column":4},"end":{"line":102,"column":null}},"41":{"start":{"line":102,"column":25},"end":{"line":102,"column":null}},"42":{"start":{"line":105,"column":25},"end":{"line":137,"column":null}},"43":{"start":{"line":106,"column":4},"end":{"line":113,"column":null}},"44":{"start":{"line":107,"column":6},"end":{"line":111,"column":null}},"45":{"start":{"line":112,"column":6},"end":{"line":112,"column":null}},"46":{"start":{"line":114,"column":4},"end":{"line":114,"column":null}},"47":{"start":{"line":115,"column":4},"end":{"line":136,"column":null}},"48":{"start":{"line":116,"column":46},"end":{"line":120,"column":null}},"49":{"start":{"line":121,"column":21},"end":{"line":121,"column":null}},"50":{"start":{"line":122,"column":6},"end":{"line":122,"column":null}},"51":{"start":{"line":122,"column":27},"end":{"line":122,"column":null}},"52":{"start":{"line":123,"column":6},"end":{"line":126,"column":null}},"53":{"start":{"line":128,"column":6},"end":{"line":128,"column":null}},"54":{"start":{"line":129,"column":6},"end":{"line":133,"column":null}},"55":{"start":{"line":135,"column":6},"end":{"line":135,"column":null}},"56":{"start":{"line":139,"column":23},"end":{"line":179,"column":null}},"57":{"start":{"line":140,"column":4},"end":{"line":140,"column":null}},"58":{"start":{"line":141,"column":4},"end":{"line":141,"column":null}},"59":{"start":{"line":143,"column":4},"end":{"line":147,"column":null}},"60":{"start":{"line":144,"column":6},"end":{"line":144,"column":null}},"61":{"start":{"line":145,"column":6},"end":{"line":145,"column":null}},"62":{"start":{"line":146,"column":6},"end":{"line":146,"column":null}},"63":{"start":{"line":148,"column":4},"end":{"line":152,"column":null}},"64":{"start":{"line":149,"column":7},"end":{"line":149,"column":null}},"65":{"start":{"line":150,"column":7},"end":{"line":150,"column":null}},"66":{"start":{"line":151,"column":7},"end":{"line":151,"column":null}},"67":{"start":{"line":154,"column":43},"end":{"line":163,"column":null}},"68":{"start":{"line":166,"column":4},"end":{"line":166,"column":null}},"69":{"start":{"line":166,"column":33},"end":{"line":166,"column":null}},"70":{"start":{"line":167,"column":20},"end":{"line":167,"column":null}},"71":{"start":{"line":169,"column":4},"end":{"line":177,"column":null}},"72":{"start":{"line":170,"column":6},"end":{"line":173,"column":null}},"73":{"start":{"line":174,"column":6},"end":{"line":174,"column":null}},"74":{"start":{"line":176,"column":6},"end":{"line":176,"column":null}},"75":{"start":{"line":178,"column":4},"end":{"line":178,"column":null}},"76":{"start":{"line":181,"column":2},"end":{"line":188,"column":null}},"77":{"start":{"line":190,"column":28},"end":{"line":190,"column":null}},"78":{"start":{"line":215,"column":33},"end":{"line":215,"column":null}},"79":{"start":{"line":228,"column":35},"end":{"line":228,"column":null}},"80":{"start":{"line":238,"column":35},"end":{"line":238,"column":null}},"81":{"start":{"line":250,"column":33},"end":{"line":250,"column":null}},"82":{"start":{"line":263,"column":33},"end":{"line":263,"column":null}},"83":{"start":{"line":276,"column":33},"end":{"line":276,"column":null}},"84":{"start":{"line":301,"column":67},"end":{"line":301,"column":101}}},"fnMap":{"0":{"name":"Loader2","decl":{"start":{"line":19,"column":9},"end":{"line":19,"column":17}},"loc":{"start":{"line":19,"column":54},"end":{"line":36,"column":null}}},"1":{"name":"EditCoverLetterPage","decl":{"start":{"line":57,"column":24},"end":{"line":57,"column":null}},"loc":{"start":{"line":57,"column":24},"end":{"line":314,"column":null}}},"2":{"name":"(anonymous_4)","decl":{"start":{"line":69,"column":12},"end":{"line":69,"column":null}},"loc":{"start":{"line":69,"column":12},"end":{"line":99,"column":5}}},"3":{"name":"(anonymous_5)","decl":{"start":{"line":71,"column":30},"end":{"line":71,"column":null}},"loc":{"start":{"line":71,"column":30},"end":{"line":96,"column":null}}},"4":{"name":"(anonymous_6)","decl":{"start":{"line":74,"column":26},"end":{"line":74,"column":37}},"loc":{"start":{"line":74,"column":37},"end":{"line":74,"column":null}}},"5":{"name":"(anonymous_7)","decl":{"start":{"line":75,"column":57},"end":{"line":75,"column":63}},"loc":{"start":{"line":75,"column":63},"end":{"line":75,"column":null}}},"6":{"name":"(anonymous_8)","decl":{"start":{"line":101,"column":28},"end":{"line":101,"column":29}},"loc":{"start":{"line":101,"column":64},"end":{"line":103,"column":null}}},"7":{"name":"(anonymous_9)","decl":{"start":{"line":102,"column":16},"end":{"line":102,"column":25}},"loc":{"start":{"line":102,"column":25},"end":{"line":102,"column":null}}},"8":{"name":"(anonymous_10)","decl":{"start":{"line":105,"column":25},"end":{"line":105,"column":null}},"loc":{"start":{"line":105,"column":25},"end":{"line":137,"column":null}}},"9":{"name":"(anonymous_11)","decl":{"start":{"line":122,"column":18},"end":{"line":122,"column":27}},"loc":{"start":{"line":122,"column":27},"end":{"line":122,"column":null}}},"10":{"name":"(anonymous_12)","decl":{"start":{"line":139,"column":23},"end":{"line":139,"column":30}},"loc":{"start":{"line":139,"column":30},"end":{"line":179,"column":null}}},"11":{"name":"(anonymous_13)","decl":{"start":{"line":166,"column":22},"end":{"line":166,"column":33}},"loc":{"start":{"line":166,"column":33},"end":{"line":166,"column":null}}},"12":{"name":"(anonymous_14)","decl":{"start":{"line":215,"column":26},"end":{"line":215,"column":27}},"loc":{"start":{"line":215,"column":33},"end":{"line":215,"column":null}}},"13":{"name":"(anonymous_15)","decl":{"start":{"line":228,"column":28},"end":{"line":228,"column":29}},"loc":{"start":{"line":228,"column":35},"end":{"line":228,"column":null}}},"14":{"name":"(anonymous_16)","decl":{"start":{"line":238,"column":28},"end":{"line":238,"column":29}},"loc":{"start":{"line":238,"column":35},"end":{"line":238,"column":null}}},"15":{"name":"(anonymous_17)","decl":{"start":{"line":250,"column":26},"end":{"line":250,"column":27}},"loc":{"start":{"line":250,"column":33},"end":{"line":250,"column":null}}},"16":{"name":"(anonymous_18)","decl":{"start":{"line":263,"column":26},"end":{"line":263,"column":27}},"loc":{"start":{"line":263,"column":33},"end":{"line":263,"column":null}}},"17":{"name":"(anonymous_19)","decl":{"start":{"line":276,"column":26},"end":{"line":276,"column":27}},"loc":{"start":{"line":276,"column":33},"end":{"line":276,"column":null}}},"18":{"name":"(anonymous_20)","decl":{"start":{"line":301,"column":61},"end":{"line":301,"column":67}},"loc":{"start":{"line":301,"column":67},"end":{"line":301,"column":101}}}},"branchMap":{"0":{"loc":{"start":{"line":70,"column":4},"end":{"line":98,"column":null}},"type":"if","locations":[{"start":{"line":70,"column":4},"end":{"line":98,"column":null}}]},"1":{"loc":{"start":{"line":77,"column":8},"end":{"line":94,"column":null}},"type":"if","locations":[{"start":{"line":77,"column":8},"end":{"line":94,"column":null}},{"start":{"line":87,"column":15},"end":{"line":94,"column":null}}]},"2":{"loc":{"start":{"line":81,"column":22},"end":{"line":81,"column":null}},"type":"binary-expr","locations":[{"start":{"line":81,"column":22},"end":{"line":81,"column":41}},{"start":{"line":81,"column":45},"end":{"line":81,"column":null}}]},"3":{"loc":{"start":{"line":82,"column":25},"end":{"line":82,"column":null}},"type":"binary-expr","locations":[{"start":{"line":82,"column":25},"end":{"line":82,"column":47}},{"start":{"line":82,"column":51},"end":{"line":82,"column":null}}]},"4":{"loc":{"start":{"line":84,"column":28},"end":{"line":84,"column":null}},"type":"binary-expr","locations":[{"start":{"line":84,"column":28},"end":{"line":84,"column":53}},{"start":{"line":84,"column":57},"end":{"line":84,"column":null}}]},"5":{"loc":{"start":{"line":85,"column":27},"end":{"line":85,"column":null}},"type":"binary-expr","locations":[{"start":{"line":85,"column":27},"end":{"line":85,"column":51}},{"start":{"line":85,"column":55},"end":{"line":85,"column":null}}]},"6":{"loc":{"start":{"line":106,"column":4},"end":{"line":113,"column":null}},"type":"if","locations":[{"start":{"line":106,"column":4},"end":{"line":113,"column":null}}]},"7":{"loc":{"start":{"line":106,"column":8},"end":{"line":106,"column":69}},"type":"binary-expr","locations":[{"start":{"line":106,"column":8},"end":{"line":106,"column":36}},{"start":{"line":106,"column":36},"end":{"line":106,"column":69}}]},"8":{"loc":{"start":{"line":119,"column":23},"end":{"line":119,"column":null}},"type":"binary-expr","locations":[{"start":{"line":119,"column":23},"end":{"line":119,"column":45}},{"start":{"line":119,"column":49},"end":{"line":119,"column":null}}]},"9":{"loc":{"start":{"line":143,"column":4},"end":{"line":147,"column":null}},"type":"if","locations":[{"start":{"line":143,"column":4},"end":{"line":147,"column":null}}]},"10":{"loc":{"start":{"line":148,"column":4},"end":{"line":152,"column":null}},"type":"if","locations":[{"start":{"line":148,"column":4},"end":{"line":152,"column":null}}]},"11":{"loc":{"start":{"line":169,"column":4},"end":{"line":177,"column":null}},"type":"if","locations":[{"start":{"line":169,"column":4},"end":{"line":177,"column":null}},{"start":{"line":175,"column":11},"end":{"line":177,"column":null}}]},"12":{"loc":{"start":{"line":181,"column":2},"end":{"line":188,"column":null}},"type":"if","locations":[{"start":{"line":181,"column":2},"end":{"line":188,"column":null}}]},"13":{"loc":{"start":{"line":190,"column":28},"end":{"line":190,"column":null}},"type":"binary-expr","locations":[{"start":{"line":190,"column":28},"end":{"line":190,"column":40}},{"start":{"line":190,"column":40},"end":{"line":190,"column":null}}]},"14":{"loc":{"start":{"line":288,"column":26},"end":{"line":288,"column":null}},"type":"binary-expr","locations":[{"start":{"line":288,"column":26},"end":{"line":288,"column":47}},{"start":{"line":288,"column":47},"end":{"line":288,"column":75}},{"start":{"line":288,"column":75},"end":{"line":288,"column":null}}]},"15":{"loc":{"start":{"line":291,"column":18},"end":{"line":293,"column":19}},"type":"cond-expr","locations":[{"start":{"line":291,"column":18},"end":{"line":293,"column":19}}]},"16":{"loc":{"start":{"line":305,"column":44},"end":{"line":305,"column":79}},"type":"binary-expr","locations":[{"start":{"line":305,"column":44},"end":{"line":305,"column":65}},{"start":{"line":305,"column":65},"end":{"line":305,"column":79}}]},"17":{"loc":{"start":{"line":307,"column":15},"end":{"line":307,"column":null}},"type":"cond-expr","locations":[{"start":{"line":307,"column":26},"end":{"line":307,"column":40}},{"start":{"line":307,"column":40},"end":{"line":307,"column":null}}]}},"s":{"0":0,"1":0,"2":0,"3":0,"4":0,"5":0,"6":0,"7":0,"8":0,"9":0,"10":0,"11":0,"12":0,"13":0,"14":0,"15":0,"16":0,"17":0,"18":0,"19":0,"20":0,"21":0,"22":0,"23":0,"24":0,"25":0,"26":0,"27":0,"28":0,"29":0,"30":0,"31":0,"32":0,"33":0,"34":0,"35":0,"36":0,"37":0,"38":0,"39":0,"40":0,"41":0,"42":0,"43":0,"44":0,"45":0,"46":0,"47":0,"48":0,"49":0,"50":0,"51":0,"52":0,"53":0,"54":0,"55":0,"56":0,"57":0,"58":0,"59":0,"60":0,"61":0,"62":0,"63":0,"64":0,"65":0,"66":0,"67":0,"68":0,"69":0,"70":0,"71":0,"72":0,"73":0,"74":0,"75":0,"76":0,"77":0,"78":0,"79":0,"80":0,"81":0,"82":0,"83":0,"84":0},"f":{"0":0,"1":0,"2":0,"3":0,"4":0,"5":0,"6":0,"7":0,"8":0,"9":0,"10":0,"11":0,"12":0,"13":0,"14":0,"15":0,"16":0,"17":0,"18":0},"b":{"0":[0],"1":[0,0],"2":[0,0],"3":[0,0],"4":[0,0],"5":[0,0],"6":[0],"7":[0,0],"8":[0,0],"9":[0],"10":[0],"11":[0,0],"12":[0],"13":[0,0],"14":[0,0,0],"15":[0],"16":[0,0],"17":[0,0]}}
,"/Users/srijachatterjee/Code/career-compass/frontend/src/app/(app)/cover-letters/view/[letterId]/page.tsx": {"path":"/Users/srijachatterjee/Code/career-compass/frontend/src/app/(app)/cover-letters/view/[letterId]/page.tsx","statementMap":{"0":{"start":{"line":56,"column":24},"end":{"line":56,"column":null}},"1":{"start":{"line":4,"column":36},"end":{"line":4,"column":null}},"2":{"start":{"line":5,"column":37},"end":{"line":5,"column":null}},"3":{"start":{"line":6,"column":23},"end":{"line":6,"column":null}},"4":{"start":{"line":7,"column":74},"end":{"line":7,"column":null}},"5":{"start":{"line":8,"column":81},"end":{"line":8,"column":null}},"6":{"start":{"line":10,"column":25},"end":{"line":10,"column":null}},"7":{"start":{"line":11,"column":41},"end":{"line":11,"column":null}},"8":{"start":{"line":12,"column":19},"end":{"line":12,"column":null}},"9":{"start":{"line":40,"column":54},"end":{"line":53,"column":null}},"10":{"start":{"line":41,"column":2},"end":{"line":41,"column":null}},"11":{"start":{"line":41,"column":41},"end":{"line":41,"column":null}},"12":{"start":{"line":57,"column":17},"end":{"line":57,"column":null}},"13":{"start":{"line":58,"column":17},"end":{"line":58,"column":null}},"14":{"start":{"line":59,"column":19},"end":{"line":59,"column":34}},"15":{"start":{"line":60,"column":20},"end":{"line":60,"column":null}},"16":{"start":{"line":62,"column":30},"end":{"line":62,"column":null}},"17":{"start":{"line":63,"column":36},"end":{"line":63,"column":null}},"18":{"start":{"line":65,"column":2},"end":{"line":82,"column":null}},"19":{"start":{"line":66,"column":4},"end":{"line":81,"column":null}},"20":{"start":{"line":67,"column":6},"end":{"line":67,"column":null}},"21":{"start":{"line":69,"column":26},"end":{"line":69,"column":null}},"22":{"start":{"line":69,"column":62},"end":{"line":69,"column":null}},"23":{"start":{"line":70,"column":6},"end":{"line":79,"column":null}},"24":{"start":{"line":71,"column":8},"end":{"line":71,"column":null}},"25":{"start":{"line":73,"column":8},"end":{"line":77,"column":null}},"26":{"start":{"line":78,"column":8},"end":{"line":78,"column":null}},"27":{"start":{"line":80,"column":6},"end":{"line":80,"column":null}},"28":{"start":{"line":84,"column":2},"end":{"line":91,"column":null}},"29":{"start":{"line":93,"column":2},"end":{"line":104,"column":null}},"30":{"start":{"line":98,"column":49},"end":{"line":98,"column":null}},"31":{"start":{"line":108,"column":57},"end":{"line":108,"column":91}}},"fnMap":{"0":{"name":"Loader2","decl":{"start":{"line":14,"column":9},"end":{"line":14,"column":17}},"loc":{"start":{"line":14,"column":54},"end":{"line":31,"column":null}}},"1":{"name":"(anonymous_2)","decl":{"start":{"line":40,"column":54},"end":{"line":40,"column":55}},"loc":{"start":{"line":40,"column":109},"end":{"line":53,"column":null}}},"2":{"name":"ViewCoverLetterPage","decl":{"start":{"line":56,"column":24},"end":{"line":56,"column":null}},"loc":{"start":{"line":56,"column":24},"end":{"line":132,"column":null}}},"3":{"name":"(anonymous_4)","decl":{"start":{"line":65,"column":12},"end":{"line":65,"column":null}},"loc":{"start":{"line":65,"column":12},"end":{"line":82,"column":5}}},"4":{"name":"(anonymous_5)","decl":{"start":{"line":69,"column":56},"end":{"line":69,"column":62}},"loc":{"start":{"line":69,"column":62},"end":{"line":69,"column":null}}},"5":{"name":"(anonymous_6)","decl":{"start":{"line":98,"column":43},"end":{"line":98,"column":49}},"loc":{"start":{"line":98,"column":49},"end":{"line":98,"column":null}}},"6":{"name":"(anonymous_7)","decl":{"start":{"line":108,"column":51},"end":{"line":108,"column":57}},"loc":{"start":{"line":108,"column":57},"end":{"line":108,"column":91}}}},"branchMap":{"0":{"loc":{"start":{"line":40,"column":85},"end":{"line":40,"column":107}},"type":"default-arg","locations":[{"start":{"line":40,"column":102},"end":{"line":40,"column":107}}]},"1":{"loc":{"start":{"line":41,"column":2},"end":{"line":41,"column":null}},"type":"if","locations":[{"start":{"line":41,"column":2},"end":{"line":41,"column":null}}]},"2":{"loc":{"start":{"line":41,"column":6},"end":{"line":41,"column":41}},"type":"binary-expr","locations":[{"start":{"line":41,"column":6},"end":{"line":41,"column":18}},{"start":{"line":41,"column":18},"end":{"line":41,"column":41}}]},"3":{"loc":{"start":{"line":45,"column":9},"end":{"line":45,"column":17}},"type":"binary-expr","locations":[{"start":{"line":45,"column":9},"end":{"line":45,"column":17}}]},"4":{"loc":{"start":{"line":48,"column":83},"end":{"line":48,"column":null}},"type":"binary-expr","locations":[{"start":{"line":48,"column":83},"end":{"line":48,"column":101}},{"start":{"line":48,"column":101},"end":{"line":48,"column":null}}]},"5":{"loc":{"start":{"line":66,"column":4},"end":{"line":81,"column":null}},"type":"if","locations":[{"start":{"line":66,"column":4},"end":{"line":81,"column":null}}]},"6":{"loc":{"start":{"line":70,"column":6},"end":{"line":79,"column":null}},"type":"if","locations":[{"start":{"line":70,"column":6},"end":{"line":79,"column":null}},{"start":{"line":72,"column":13},"end":{"line":79,"column":null}}]},"7":{"loc":{"start":{"line":84,"column":2},"end":{"line":91,"column":null}},"type":"if","locations":[{"start":{"line":84,"column":2},"end":{"line":91,"column":null}}]},"8":{"loc":{"start":{"line":93,"column":2},"end":{"line":104,"column":null}},"type":"if","locations":[{"start":{"line":93,"column":2},"end":{"line":104,"column":null}}]},"9":{"loc":{"start":{"line":120,"column":13},"end":{"line":120,"column":102}},"type":"binary-expr","locations":[{"start":{"line":120,"column":13},"end":{"line":120,"column":28}},{"start":{"line":120,"column":32},"end":{"line":120,"column":50}},{"start":{"line":120,"column":54},"end":{"line":120,"column":102}}]}},"s":{"0":0,"1":0,"2":0,"3":0,"4":0,"5":0,"6":0,"7":0,"8":0,"9":0,"10":0,"11":0,"12":0,"13":0,"14":0,"15":0,"16":0,"17":0,"18":0,"19":0,"20":0,"21":0,"22":0,"23":0,"24":0,"25":0,"26":0,"27":0,"28":0,"29":0,"30":0,"31":0},"f":{"0":0,"1":0,"2":0,"3":0,"4":0,"5":0,"6":0},"b":{"0":[0],"1":[0],"2":[0,0],"3":[0],"4":[0,0],"5":[0],"6":[0,0],"7":[0],"8":[0],"9":[0,0,0]}}
,"/Users/srijachatterjee/Code/career-compass/frontend/src/app/(app)/dashboard/page.tsx": {"path":"/Users/srijachatterjee/Code/career-compass/frontend/src/app/(app)/dashboard/page.tsx","statementMap":{"0":{"start":{"line":87,"column":24},"end":{"line":87,"column":null}},"1":{"start":{"line":4,"column":17},"end":{"line":4,"column":null}},"2":{"start":{"line":5,"column":36},"end":{"line":5,"column":null}},"3":{"start":{"line":6,"column":57},"end":{"line":6,"column":null}},"4":{"start":{"line":7,"column":23},"end":{"line":7,"column":null}},"5":{"start":{"line":8,"column":129},"end":{"line":8,"column":null}},"6":{"start":{"line":10,"column":52},"end":{"line":10,"column":null}},"7":{"start":{"line":11,"column":123},"end":{"line":11,"column":null}},"8":{"start":{"line":12,"column":117},"end":{"line":12,"column":null}},"9":{"start":{"line":13,"column":25},"end":{"line":13,"column":null}},"10":{"start":{"line":14,"column":33},"end":{"line":14,"column":null}},"11":{"start":{"line":15,"column":24},"end":{"line":15,"column":null}},"12":{"start":{"line":17,"column":21},"end":{"line":22,"column":null}},"13":{"start":{"line":25,"column":29},"end":{"line":31,"column":null}},"14":{"start":{"line":33,"column":19},"end":{"line":37,"column":null}},"15":{"start":{"line":34,"column":2},"end":{"line":34,"column":null}},"16":{"start":{"line":34,"column":49},"end":{"line":34,"column":null}},"17":{"start":{"line":35,"column":26},"end":{"line":35,"column":null}},"18":{"start":{"line":36,"column":2},"end":{"line":36,"column":null}},"19":{"start":{"line":44,"column":58},"end":{"line":85,"column":null}},"20":{"start":{"line":45,"column":21},"end":{"line":45,"column":81}},"21":{"start":{"line":46,"column":20},"end":{"line":46,"column":null}},"22":{"start":{"line":88,"column":19},"end":{"line":88,"column":null}},"23":{"start":{"line":89,"column":34},"end":{"line":89,"column":null}},"24":{"start":{"line":90,"column":26},"end":{"line":90,"column":null}},"25":{"start":{"line":91,"column":32},"end":{"line":91,"column":null}},"26":{"start":{"line":92,"column":42},"end":{"line":92,"column":null}},"27":{"start":{"line":93,"column":32},"end":{"line":93,"column":null}},"28":{"start":{"line":96,"column":28},"end":{"line":96,"column":null}},"29":{"start":{"line":97,"column":58},"end":{"line":97,"column":null}},"30":{"start":{"line":98,"column":56},"end":{"line":98,"column":null}},"31":{"start":{"line":99,"column":52},"end":{"line":99,"column":null}},"32":{"start":{"line":100,"column":68},"end":{"line":100,"column":null}},"33":{"start":{"line":103,"column":2},"end":{"line":140,"column":null}},"34":{"start":{"line":104,"column":22},"end":{"line":137,"column":null}},"35":{"start":{"line":105,"column":6},"end":{"line":105,"column":null}},"36":{"start":{"line":105,"column":17},"end":{"line":105,"column":null}},"37":{"start":{"line":107,"column":6},"end":{"line":136,"column":null}},"38":{"start":{"line":108,"column":8},"end":{"line":108,"column":null}},"39":{"start":{"line":111,"column":29},"end":{"line":111,"column":null}},"40":{"start":{"line":112,"column":8},"end":{"line":115,"column":null}},"41":{"start":{"line":113,"column":27},"end":{"line":113,"column":null}},"42":{"start":{"line":114,"column":10},"end":{"line":114,"column":null}},"43":{"start":{"line":118,"column":32},"end":{"line":118,"column":null}},"44":{"start":{"line":119,"column":8},"end":{"line":122,"column":null}},"45":{"start":{"line":120,"column":30},"end":{"line":120,"column":null}},"46":{"start":{"line":121,"column":10},"end":{"line":121,"column":null}},"47":{"start":{"line":125,"column":37},"end":{"line":125,"column":null}},"48":{"start":{"line":126,"column":8},"end":{"line":129,"column":null}},"49":{"start":{"line":127,"column":35},"end":{"line":127,"column":null}},"50":{"start":{"line":128,"column":10},"end":{"line":128,"column":null}},"51":{"start":{"line":132,"column":8},"end":{"line":132,"column":null}},"52":{"start":{"line":134,"column":8},"end":{"line":134,"column":null}},"53":{"start":{"line":135,"column":8},"end":{"line":135,"column":null}},"54":{"start":{"line":139,"column":4},"end":{"line":139,"column":null}},"55":{"start":{"line":143,"column":2},"end":{"line":212,"column":null}},"56":{"start":{"line":144,"column":4},"end":{"line":144,"column":null}},"57":{"start":{"line":144,"column":30},"end":{"line":144,"column":null}},"58":{"start":{"line":147,"column":25},"end":{"line":153,"column":null}},"59":{"start":{"line":148,"column":6},"end":{"line":148,"column":null}},"60":{"start":{"line":148,"column":41},"end":{"line":148,"column":null}},"61":{"start":{"line":149,"column":6},"end":{"line":149,"column":null}},"62":{"start":{"line":149,"column":44},"end":{"line":149,"column":null}},"63":{"start":{"line":150,"column":6},"end":{"line":150,"column":null}},"64":{"start":{"line":150,"column":42},"end":{"line":150,"column":null}},"65":{"start":{"line":151,"column":6},"end":{"line":151,"column":null}},"66":{"start":{"line":151,"column":46},"end":{"line":151,"column":null}},"67":{"start":{"line":151,"column":90},"end":{"line":151,"column":116}},"68":{"start":{"line":152,"column":6},"end":{"line":152,"column":null}},"69":{"start":{"line":154,"column":4},"end":{"line":154,"column":null}},"70":{"start":{"line":157,"column":30},"end":{"line":157,"column":null}},"71":{"start":{"line":157,"column":49},"end":{"line":157,"column":61}},"72":{"start":{"line":158,"column":25},"end":{"line":161,"column":null}},"73":{"start":{"line":159,"column":21},"end":{"line":159,"column":null}},"74":{"start":{"line":160,"column":22},"end":{"line":160,"column":null}},"75":{"start":{"line":163,"column":24},"end":{"line":163,"column":null}},"76":{"start":{"line":163,"column":43},"end":{"line":163,"column":null}},"77":{"start":{"line":164,"column":23},"end":{"line":167,"column":null}},"78":{"start":{"line":165,"column":21},"end":{"line":165,"column":40}},"79":{"start":{"line":166,"column":22},"end":{"line":166,"column":null}},"80":{"start":{"line":169,"column":4},"end":{"line":169,"column":null}},"81":{"start":{"line":170,"column":4},"end":{"line":170,"column":null}},"82":{"start":{"line":173,"column":4},"end":{"line":211,"column":null}},"83":{"start":{"line":175,"column":26},"end":{"line":192,"column":null}},"84":{"start":{"line":176,"column":23},"end":{"line":176,"column":42}},"85":{"start":{"line":178,"column":24},"end":{"line":178,"column":null}},"86":{"start":{"line":179,"column":27},"end":{"line":179,"column":null}},"87":{"start":{"line":179,"column":45},"end":{"line":179,"column":null}},"88":{"start":{"line":181,"column":10},"end":{"line":187,"column":null}},"89":{"start":{"line":182,"column":12},"end":{"line":182,"column":null}},"90":{"start":{"line":183,"column":12},"end":{"line":185,"column":null}},"91":{"start":{"line":184,"column":14},"end":{"line":184,"column":null}},"92":{"start":{"line":186,"column":12},"end":{"line":186,"column":null}},"93":{"start":{"line":189,"column":10},"end":{"line":189,"column":null}},"94":{"start":{"line":190,"column":10},"end":{"line":190,"column":null}},"95":{"start":{"line":192,"column":24},"end":{"line":192,"column":null}},"96":{"start":{"line":195,"column":33},"end":{"line":204,"column":null}},"97":{"start":{"line":197,"column":10},"end":{"line":197,"column":null}},"98":{"start":{"line":198,"column":10},"end":{"line":198,"column":null}},"99":{"start":{"line":200,"column":32},"end":{"line":204,"column":null}},"100":{"start":{"line":206,"column":6},"end":{"line":206,"column":null}},"101":{"start":{"line":207,"column":6},"end":{"line":207,"column":null}},"102":{"start":{"line":209,"column":6},"end":{"line":209,"column":null}},"103":{"start":{"line":210,"column":6},"end":{"line":210,"column":null}},"104":{"start":{"line":221,"column":12},"end":{"line":221,"column":35}},"105":{"start":{"line":258,"column":46},"end":{"line":258,"column":77}},"106":{"start":{"line":294,"column":45},"end":{"line":294,"column":76}},"107":{"start":{"line":337,"column":23},"end":{"line":338,"column":null}},"108":{"start":{"line":389,"column":43},"end":{"line":389,"column":null}},"109":{"start":{"line":390,"column":43},"end":{"line":390,"column":null}},"110":{"start":{"line":391,"column":38},"end":{"line":391,"column":null}},"111":{"start":{"line":392,"column":38},"end":{"line":392,"column":null}},"112":{"start":{"line":393,"column":28},"end":{"line":393,"column":null}},"113":{"start":{"line":393,"column":53},"end":{"line":393,"column":null}},"114":{"start":{"line":402,"column":26},"end":{"line":402,"column":54}}},"fnMap":{"0":{"name":"(anonymous_2)","decl":{"start":{"line":33,"column":19},"end":{"line":33,"column":20}},"loc":{"start":{"line":33,"column":20},"end":{"line":37,"column":null}}},"1":{"name":"(anonymous_3)","decl":{"start":{"line":44,"column":58},"end":{"line":44,"column":59}},"loc":{"start":{"line":44,"column":76},"end":{"line":85,"column":null}}},"2":{"name":"DashboardPage","decl":{"start":{"line":87,"column":24},"end":{"line":87,"column":null}},"loc":{"start":{"line":87,"column":24},"end":{"line":421,"column":null}}},"3":{"name":"(anonymous_5)","decl":{"start":{"line":103,"column":12},"end":{"line":103,"column":null}},"loc":{"start":{"line":103,"column":12},"end":{"line":140,"column":5}}},"4":{"name":"(anonymous_6)","decl":{"start":{"line":104,"column":22},"end":{"line":104,"column":null}},"loc":{"start":{"line":104,"column":22},"end":{"line":137,"column":null}}},"5":{"name":"(anonymous_7)","decl":{"start":{"line":143,"column":12},"end":{"line":143,"column":null}},"loc":{"start":{"line":143,"column":12},"end":{"line":212,"column":5}}},"6":{"name":"(anonymous_8)","decl":{"start":{"line":147,"column":42},"end":{"line":147,"column":null}},"loc":{"start":{"line":147,"column":42},"end":{"line":153,"column":null}}},"7":{"name":"(anonymous_9)","decl":{"start":{"line":151,"column":83},"end":{"line":151,"column":90}},"loc":{"start":{"line":151,"column":90},"end":{"line":151,"column":116}}},"8":{"name":"(anonymous_10)","decl":{"start":{"line":157,"column":42},"end":{"line":157,"column":49}},"loc":{"start":{"line":157,"column":49},"end":{"line":157,"column":61}}},"9":{"name":"(anonymous_11)","decl":{"start":{"line":159,"column":14},"end":{"line":159,"column":21}},"loc":{"start":{"line":159,"column":21},"end":{"line":159,"column":null}}},"10":{"name":"(anonymous_12)","decl":{"start":{"line":160,"column":12},"end":{"line":160,"column":13}},"loc":{"start":{"line":160,"column":22},"end":{"line":160,"column":null}}},"11":{"name":"(anonymous_13)","decl":{"start":{"line":163,"column":36},"end":{"line":163,"column":43}},"loc":{"start":{"line":163,"column":43},"end":{"line":163,"column":null}}},"12":{"name":"(anonymous_14)","decl":{"start":{"line":165,"column":14},"end":{"line":165,"column":21}},"loc":{"start":{"line":165,"column":21},"end":{"line":165,"column":40}}},"13":{"name":"(anonymous_15)","decl":{"start":{"line":166,"column":12},"end":{"line":166,"column":13}},"loc":{"start":{"line":166,"column":22},"end":{"line":166,"column":null}}},"14":{"name":"(anonymous_16)","decl":{"start":{"line":176,"column":16},"end":{"line":176,"column":23}},"loc":{"start":{"line":176,"column":23},"end":{"line":176,"column":42}}},"15":{"name":"(anonymous_17)","decl":{"start":{"line":177,"column":16},"end":{"line":177,"column":17}},"loc":{"start":{"line":177,"column":22},"end":{"line":191,"column":11}}},"16":{"name":"(anonymous_18)","decl":{"start":{"line":179,"column":36},"end":{"line":179,"column":45}},"loc":{"start":{"line":179,"column":45},"end":{"line":179,"column":null}}},"17":{"name":"(anonymous_19)","decl":{"start":{"line":183,"column":54},"end":{"line":183,"column":null}},"loc":{"start":{"line":183,"column":54},"end":{"line":185,"column":null}}},"18":{"name":"(anonymous_20)","decl":{"start":{"line":192,"column":14},"end":{"line":192,"column":15}},"loc":{"start":{"line":192,"column":24},"end":{"line":192,"column":null}}},"19":{"name":"(anonymous_21)","decl":{"start":{"line":196,"column":20},"end":{"line":196,"column":21}},"loc":{"start":{"line":196,"column":26},"end":{"line":199,"column":11}}},"20":{"name":"(anonymous_22)","decl":{"start":{"line":200,"column":12},"end":{"line":200,"column":13}},"loc":{"start":{"line":200,"column":32},"end":{"line":204,"column":null}}},"21":{"name":"(anonymous_23)","decl":{"start":{"line":220,"column":21},"end":{"line":220,"column":22}},"loc":{"start":{"line":221,"column":12},"end":{"line":221,"column":35}}},"22":{"name":"(anonymous_24)","decl":{"start":{"line":258,"column":39},"end":{"line":258,"column":46}},"loc":{"start":{"line":258,"column":46},"end":{"line":258,"column":77}}},"23":{"name":"(anonymous_25)","decl":{"start":{"line":294,"column":38},"end":{"line":294,"column":45}},"loc":{"start":{"line":294,"column":45},"end":{"line":294,"column":76}}},"24":{"name":"(anonymous_26)","decl":{"start":{"line":336,"column":59},"end":{"line":336,"column":60}},"loc":{"start":{"line":337,"column":23},"end":{"line":338,"column":null}}},"25":{"name":"(anonymous_27)","decl":{"start":{"line":388,"column":31},"end":{"line":388,"column":32}},"loc":{"start":{"line":388,"column":87},"end":{"line":399,"column":null}}},"26":{"name":"(anonymous_28)","decl":{"start":{"line":401,"column":55},"end":{"line":401,"column":56}},"loc":{"start":{"line":402,"column":26},"end":{"line":402,"column":54}}}},"branchMap":{"0":{"loc":{"start":{"line":34,"column":2},"end":{"line":34,"column":null}},"type":"if","locations":[{"start":{"line":34,"column":2},"end":{"line":34,"column":null}}]},"1":{"loc":{"start":{"line":34,"column":6},"end":{"line":34,"column":49}},"type":"binary-expr","locations":[{"start":{"line":34,"column":6},"end":{"line":34,"column":22}},{"start":{"line":34,"column":22},"end":{"line":34,"column":49}}]},"2":{"loc":{"start":{"line":45,"column":21},"end":{"line":45,"column":81}},"type":"cond-expr","locations":[{"start":{"line":45,"column":47},"end":{"line":45,"column":59}},{"start":{"line":45,"column":62},"end":{"line":45,"column":81}}]},"3":{"loc":{"start":{"line":46,"column":20},"end":{"line":46,"column":null}},"type":"cond-expr","locations":[{"start":{"line":46,"column":46},"end":{"line":46,"column":59}},{"start":{"line":46,"column":59},"end":{"line":46,"column":null}}]},"4":{"loc":{"start":{"line":58,"column":19},"end":{"line":58,"column":null}},"type":"binary-expr","locations":[{"start":{"line":58,"column":19},"end":{"line":58,"column":46}},{"start":{"line":58,"column":46},"end":{"line":58,"column":null}}]},"5":{"loc":{"start":{"line":68,"column":12},"end":{"line":72,"column":null}},"type":"cond-expr","locations":[{"start":{"line":68,"column":39},"end":{"line":68,"column":null}},{"start":{"line":69,"column":12},"end":{"line":72,"column":null}}]},"6":{"loc":{"start":{"line":69,"column":12},"end":{"line":72,"column":null}},"type":"cond-expr","locations":[{"start":{"line":69,"column":44},"end":{"line":69,"column":null}},{"start":{"line":70,"column":12},"end":{"line":72,"column":null}}]},"7":{"loc":{"start":{"line":70,"column":12},"end":{"line":72,"column":null}},"type":"cond-expr","locations":[{"start":{"line":70,"column":37},"end":{"line":70,"column":null}},{"start":{"line":71,"column":12},"end":{"line":72,"column":null}}]},"8":{"loc":{"start":{"line":71,"column":12},"end":{"line":72,"column":null}},"type":"cond-expr","locations":[{"start":{"line":71,"column":40},"end":{"line":71,"column":null}},{"start":{"line":72,"column":12},"end":{"line":72,"column":null}}]},"9":{"loc":{"start":{"line":76,"column":11},"end":{"line":76,"column":null}},"type":"binary-expr","locations":[{"start":{"line":76,"column":11},"end":{"line":76,"column":null}}]},"10":{"loc":{"start":{"line":105,"column":6},"end":{"line":105,"column":null}},"type":"if","locations":[{"start":{"line":105,"column":6},"end":{"line":105,"column":null}}]},"11":{"loc":{"start":{"line":112,"column":8},"end":{"line":115,"column":null}},"type":"if","locations":[{"start":{"line":112,"column":8},"end":{"line":115,"column":null}}]},"12":{"loc":{"start":{"line":119,"column":8},"end":{"line":122,"column":null}},"type":"if","locations":[{"start":{"line":119,"column":8},"end":{"line":122,"column":null}}]},"13":{"loc":{"start":{"line":126,"column":8},"end":{"line":129,"column":null}},"type":"if","locations":[{"start":{"line":126,"column":8},"end":{"line":129,"column":null}}]},"14":{"loc":{"start":{"line":144,"column":4},"end":{"line":144,"column":null}},"type":"if","locations":[{"start":{"line":144,"column":4},"end":{"line":144,"column":null}}]},"15":{"loc":{"start":{"line":144,"column":8},"end":{"line":144,"column":30}},"type":"binary-expr","locations":[{"start":{"line":144,"column":8},"end":{"line":144,"column":21}},{"start":{"line":144,"column":21},"end":{"line":144,"column":30}}]},"16":{"loc":{"start":{"line":148,"column":6},"end":{"line":148,"column":null}},"type":"if","locations":[{"start":{"line":148,"column":6},"end":{"line":148,"column":null}}]},"17":{"loc":{"start":{"line":149,"column":6},"end":{"line":149,"column":null}},"type":"if","locations":[{"start":{"line":149,"column":6},"end":{"line":149,"column":null}}]},"18":{"loc":{"start":{"line":150,"column":6},"end":{"line":150,"column":null}},"type":"if","locations":[{"start":{"line":150,"column":6},"end":{"line":150,"column":null}}]},"19":{"loc":{"start":{"line":151,"column":6},"end":{"line":151,"column":null}},"type":"if","locations":[{"start":{"line":151,"column":6},"end":{"line":151,"column":null}}]},"20":{"loc":{"start":{"line":173,"column":4},"end":{"line":211,"column":null}},"type":"if","locations":[{"start":{"line":173,"column":4},"end":{"line":211,"column":null}},{"start":{"line":208,"column":11},"end":{"line":211,"column":null}}]},"21":{"loc":{"start":{"line":181,"column":10},"end":{"line":187,"column":null}},"type":"if","locations":[{"start":{"line":181,"column":10},"end":{"line":187,"column":null}}]},"22":{"loc":{"start":{"line":189,"column":50},"end":{"line":189,"column":103}},"type":"binary-expr","locations":[{"start":{"line":189,"column":50},"end":{"line":189,"column":98}},{"start":{"line":189,"column":98},"end":{"line":189,"column":103}}]},"23":{"loc":{"start":{"line":197,"column":42},"end":{"line":197,"column":79}},"type":"binary-expr","locations":[{"start":{"line":197,"column":42},"end":{"line":197,"column":70}},{"start":{"line":197,"column":74},"end":{"line":197,"column":79}}]},"24":{"loc":{"start":{"line":203,"column":14},"end":{"line":203,"column":null}},"type":"binary-expr","locations":[{"start":{"line":203,"column":14},"end":{"line":203,"column":64}},{"start":{"line":203,"column":64},"end":{"line":203,"column":null}}]},"25":{"loc":{"start":{"line":228,"column":18},"end":{"line":230,"column":19}},"type":"cond-expr","locations":[{"start":{"line":228,"column":18},"end":{"line":230,"column":19}}]},"26":{"loc":{"start":{"line":253,"column":14},"end":{"line":257,"column":37}},"type":"cond-expr","locations":[{"start":{"line":253,"column":14},"end":{"line":257,"column":37}}]},"27":{"loc":{"start":{"line":258,"column":14},"end":{"line":258,"column":77}},"type":"cond-expr","locations":[{"start":{"line":258,"column":14},"end":{"line":258,"column":77}}]},"28":{"loc":{"start":{"line":289,"column":14},"end":{"line":293,"column":36}},"type":"cond-expr","locations":[{"start":{"line":289,"column":14},"end":{"line":293,"column":36}}]},"29":{"loc":{"start":{"line":294,"column":14},"end":{"line":294,"column":76}},"type":"cond-expr","locations":[{"start":{"line":294,"column":14},"end":{"line":294,"column":76}}]},"30":{"loc":{"start":{"line":322,"column":15},"end":{"line":325,"column":34}},"type":"cond-expr","locations":[{"start":{"line":322,"column":15},"end":{"line":325,"column":34}}]},"31":{"loc":{"start":{"line":326,"column":14},"end":{"line":349,"column":15}},"type":"cond-expr","locations":[{"start":{"line":326,"column":14},"end":{"line":349,"column":15}}]},"32":{"loc":{"start":{"line":341,"column":32},"end":{"line":341,"column":null}},"type":"binary-expr","locations":[{"start":{"line":341,"column":32},"end":{"line":341,"column":87}},{"start":{"line":341,"column":87},"end":{"line":341,"column":null}}]},"33":{"loc":{"start":{"line":367,"column":15},"end":{"line":370,"column":42}},"type":"cond-expr","locations":[{"start":{"line":367,"column":15},"end":{"line":370,"column":42}}]},"34":{"loc":{"start":{"line":371,"column":14},"end":{"line":410,"column":16}},"type":"cond-expr","locations":[{"start":{"line":371,"column":14},"end":{"line":410,"column":16}}]},"35":{"loc":{"start":{"line":393,"column":28},"end":{"line":393,"column":null}},"type":"if","locations":[{"start":{"line":393,"column":28},"end":{"line":393,"column":null}}]},"36":{"loc":{"start":{"line":395,"column":100},"end":{"line":395,"column":126}},"type":"cond-expr","locations":[{"start":{"line":395,"column":109},"end":{"line":395,"column":119}},{"start":{"line":395,"column":119},"end":{"line":395,"column":126}}]}},"s":{"0":0,"1":0,"2":0,"3":0,"4":0,"5":0,"6":0,"7":0,"8":0,"9":0,"10":0,"11":0,"12":0,"13":0,"14":0,"15":0,"16":0,"17":0,"18":0,"19":0,"20":0,"21":0,"22":0,"23":0,"24":0,"25":0,"26":0,"27":0,"28":0,"29":0,"30":0,"31":0,"32":0,"33":0,"34":0,"35":0,"36":0,"37":0,"38":0,"39":0,"40":0,"41":0,"42":0,"43":0,"44":0,"45":0,"46":0,"47":0,"48":0,"49":0,"50":0,"51":0,"52":0,"53":0,"54":0,"55":0,"56":0,"57":0,"58":0,"59":0,"60":0,"61":0,"62":0,"63":0,"64":0,"65":0,"66":0,"67":0,"68":0,"69":0,"70":0,"71":0,"72":0,"73":0,"74":0,"75":0,"76":0,"77":0,"78":0,"79":0,"80":0,"81":0,"82":0,"83":0,"84":0,"85":0,"86":0,"87":0,"88":0,"89":0,"90":0,"91":0,"92":0,"93":0,"94":0,"95":0,"96":0,"97":0,"98":0,"99":0,"100":0,"101":0,"102":0,"103":0,"104":0,"105":0,"106":0,"107":0,"108":0,"109":0,"110":0,"111":0,"112":0,"113":0,"114":0},"f":{"0":0,"1":0,"2":0,"3":0,"4":0,"5":0,"6":0,"7":0,"8":0,"9":0,"10":0,"11":0,"12":0,"13":0,"14":0,"15":0,"16":0,"17":0,"18":0,"19":0,"20":0,"21":0,"22":0,"23":0,"24":0,"25":0,"26":0},"b":{"0":[0],"1":[0,0],"2":[0,0],"3":[0,0],"4":[0,0],"5":[0,0],"6":[0,0],"7":[0,0],"8":[0,0],"9":[0],"10":[0],"11":[0],"12":[0],"13":[0],"14":[0],"15":[0,0],"16":[0],"17":[0],"18":[0],"19":[0],"20":[0,0],"21":[0],"22":[0,0],"23":[0,0],"24":[0,0],"25":[0],"26":[0],"27":[0],"28":[0],"29":[0],"30":[0],"31":[0],"32":[0,0],"33":[0],"34":[0],"35":[0],"36":[0,0]}}
,"/Users/srijachatterjee/Code/career-compass/frontend/src/app/(app)/jobs/page.tsx": {"path":"/Users/srijachatterjee/Code/career-compass/frontend/src/app/(app)/jobs/page.tsx","statementMap":{"0":{"start":{"line":26,"column":24},"end":{"line":26,"column":null}},"1":{"start":{"line":4,"column":17},"end":{"line":4,"column":null}},"2":{"start":{"line":5,"column":36},"end":{"line":5,"column":null}},"3":{"start":{"line":6,"column":23},"end":{"line":6,"column":null}},"4":{"start":{"line":7,"column":86},"end":{"line":7,"column":null}},"5":{"start":{"line":8,"column":78},"end":{"line":8,"column":null}},"6":{"start":{"line":9,"column":22},"end":{"line":9,"column":null}},"7":{"start":{"line":10,"column":22},"end":{"line":10,"column":null}},"8":{"start":{"line":11,"column":76},"end":{"line":11,"column":null}},"9":{"start":{"line":13,"column":52},"end":{"line":13,"column":null}},"10":{"start":{"line":14,"column":24},"end":{"line":14,"column":null}},"11":{"start":{"line":16,"column":64},"end":{"line":16,"column":null}},"12":{"start":{"line":18,"column":20},"end":{"line":24,"column":null}},"13":{"start":{"line":27,"column":19},"end":{"line":27,"column":null}},"14":{"start":{"line":28,"column":26},"end":{"line":28,"column":null}},"15":{"start":{"line":29,"column":32},"end":{"line":29,"column":null}},"16":{"start":{"line":30,"column":28},"end":{"line":30,"column":null}},"17":{"start":{"line":32,"column":58},"end":{"line":32,"column":null}},"18":{"start":{"line":33,"column":30},"end":{"line":33,"column":null}},"19":{"start":{"line":34,"column":52},"end":{"line":34,"column":null}},"20":{"start":{"line":35,"column":46},"end":{"line":35,"column":null}},"21":{"start":{"line":38,"column":2},"end":{"line":62,"column":null}},"22":{"start":{"line":39,"column":22},"end":{"line":59,"column":null}},"23":{"start":{"line":40,"column":6},"end":{"line":40,"column":null}},"24":{"start":{"line":40,"column":17},"end":{"line":40,"column":null}},"25":{"start":{"line":42,"column":6},"end":{"line":58,"column":null}},"26":{"start":{"line":43,"column":8},"end":{"line":43,"column":null}},"27":{"start":{"line":44,"column":8},"end":{"line":44,"column":null}},"28":{"start":{"line":46,"column":25},"end":{"line":46,"column":null}},"29":{"start":{"line":47,"column":8},"end":{"line":49,"column":null}},"30":{"start":{"line":48,"column":10},"end":{"line":48,"column":null}},"31":{"start":{"line":51,"column":25},"end":{"line":51,"column":null}},"32":{"start":{"line":52,"column":8},"end":{"line":52,"column":null}},"33":{"start":{"line":54,"column":8},"end":{"line":54,"column":null}},"34":{"start":{"line":55,"column":8},"end":{"line":55,"column":null}},"35":{"start":{"line":57,"column":8},"end":{"line":57,"column":null}},"36":{"start":{"line":61,"column":4},"end":{"line":61,"column":null}},"37":{"start":{"line":64,"column":23},"end":{"line":69,"column":null}},"38":{"start":{"line":65,"column":24},"end":{"line":65,"column":null}},"39":{"start":{"line":66,"column":25},"end":{"line":66,"column":null}},"40":{"start":{"line":67,"column":23},"end":{"line":67,"column":null}},"41":{"start":{"line":68,"column":4},"end":{"line":68,"column":null}},"42":{"start":{"line":71,"column":19},"end":{"line":96,"column":null}},"43":{"start":{"line":72,"column":4},"end":{"line":72,"column":null}},"44":{"start":{"line":72,"column":34},"end":{"line":72,"column":null}},"45":{"start":{"line":74,"column":4},"end":{"line":95,"column":null}},"46":{"start":{"line":75,"column":31},"end":{"line":75,"column":null}},"47":{"start":{"line":76,"column":31},"end":{"line":76,"column":null}},"48":{"start":{"line":78,"column":6},"end":{"line":84,"column":null}},"49":{"start":{"line":79,"column":8},"end":{"line":79,"column":null}},"50":{"start":{"line":80,"column":8},"end":{"line":80,"column":null}},"51":{"start":{"line":81,"column":13},"end":{"line":84,"column":null}},"52":{"start":{"line":82,"column":8},"end":{"line":82,"column":null}},"53":{"start":{"line":83,"column":8},"end":{"line":83,"column":null}},"54":{"start":{"line":86,"column":6},"end":{"line":86,"column":null}},"55":{"start":{"line":86,"column":44},"end":{"line":86,"column":null}},"56":{"start":{"line":87,"column":6},"end":{"line":87,"column":null}},"57":{"start":{"line":87,"column":26},"end":{"line":87,"column":null}},"58":{"start":{"line":88,"column":6},"end":{"line":88,"column":null}},"59":{"start":{"line":88,"column":26},"end":{"line":88,"column":null}},"60":{"start":{"line":90,"column":6},"end":{"line":94,"column":null}},"61":{"start":{"line":91,"column":8},"end":{"line":91,"column":null}},"62":{"start":{"line":93,"column":8},"end":{"line":93,"column":null}},"63":{"start":{"line":98,"column":32},"end":{"line":98,"column":null}},"64":{"start":{"line":100,"column":21},"end":{"line":104,"column":null}},"65":{"start":{"line":101,"column":4},"end":{"line":101,"column":null}},"66":{"start":{"line":101,"column":51},"end":{"line":101,"column":null}},"67":{"start":{"line":102,"column":28},"end":{"line":102,"column":null}},"68":{"start":{"line":103,"column":4},"end":{"line":103,"column":null}},"69":{"start":{"line":125,"column":33},"end":{"line":125,"column":null}},"70":{"start":{"line":135,"column":33},"end":{"line":135,"column":null}},"71":{"start":{"line":141,"column":75},"end":{"line":141,"column":null}},"72":{"start":{"line":147,"column":20},"end":{"line":147,"column":40}},"73":{"start":{"line":160,"column":20},"end":{"line":160,"column":51}},"74":{"start":{"line":223,"column":12},"end":{"line":223,"column":31}}},"fnMap":{"0":{"name":"JobTrackerPage","decl":{"start":{"line":26,"column":24},"end":{"line":26,"column":null}},"loc":{"start":{"line":26,"column":24},"end":{"line":287,"column":null}}},"1":{"name":"(anonymous_3)","decl":{"start":{"line":38,"column":12},"end":{"line":38,"column":null}},"loc":{"start":{"line":38,"column":12},"end":{"line":62,"column":5}}},"2":{"name":"(anonymous_4)","decl":{"start":{"line":39,"column":22},"end":{"line":39,"column":null}},"loc":{"start":{"line":39,"column":22},"end":{"line":59,"column":null}}},"3":{"name":"(anonymous_5)","decl":{"start":{"line":64,"column":35},"end":{"line":64,"column":null}},"loc":{"start":{"line":64,"column":35},"end":{"line":69,"column":null}}},"4":{"name":"(anonymous_6)","decl":{"start":{"line":71,"column":19},"end":{"line":71,"column":20}},"loc":{"start":{"line":71,"column":39},"end":{"line":96,"column":null}}},"5":{"name":"(anonymous_7)","decl":{"start":{"line":74,"column":32},"end":{"line":74,"column":33}},"loc":{"start":{"line":74,"column":36},"end":{"line":95,"column":null}}},"6":{"name":"(anonymous_8)","decl":{"start":{"line":100,"column":21},"end":{"line":100,"column":22}},"loc":{"start":{"line":100,"column":22},"end":{"line":104,"column":null}}},"7":{"name":"(anonymous_9)","decl":{"start":{"line":125,"column":26},"end":{"line":125,"column":27}},"loc":{"start":{"line":125,"column":33},"end":{"line":125,"column":null}}},"8":{"name":"(anonymous_10)","decl":{"start":{"line":135,"column":26},"end":{"line":135,"column":27}},"loc":{"start":{"line":135,"column":33},"end":{"line":135,"column":null}}},"9":{"name":"(anonymous_11)","decl":{"start":{"line":141,"column":64},"end":{"line":141,"column":65}},"loc":{"start":{"line":141,"column":75},"end":{"line":141,"column":null}}},"10":{"name":"(anonymous_12)","decl":{"start":{"line":146,"column":42},"end":{"line":146,"column":null}},"loc":{"start":{"line":147,"column":20},"end":{"line":147,"column":40}}},"11":{"name":"(anonymous_13)","decl":{"start":{"line":159,"column":33},"end":{"line":159,"column":null}},"loc":{"start":{"line":160,"column":20},"end":{"line":160,"column":51}}},"12":{"name":"(anonymous_14)","decl":{"start":{"line":222,"column":37},"end":{"line":222,"column":38}},"loc":{"start":{"line":223,"column":12},"end":{"line":223,"column":31}}}},"branchMap":{"0":{"loc":{"start":{"line":40,"column":6},"end":{"line":40,"column":null}},"type":"if","locations":[{"start":{"line":40,"column":6},"end":{"line":40,"column":null}}]},"1":{"loc":{"start":{"line":47,"column":8},"end":{"line":49,"column":null}},"type":"if","locations":[{"start":{"line":47,"column":8},"end":{"line":49,"column":null}}]},"2":{"loc":{"start":{"line":65,"column":24},"end":{"line":65,"column":null}},"type":"binary-expr","locations":[{"start":{"line":65,"column":24},"end":{"line":65,"column":67}},{"start":{"line":65,"column":67},"end":{"line":65,"column":null}}]},"3":{"loc":{"start":{"line":66,"column":25},"end":{"line":66,"column":null}},"type":"binary-expr","locations":[{"start":{"line":66,"column":25},"end":{"line":66,"column":54}},{"start":{"line":66,"column":54},"end":{"line":66,"column":null}}]},"4":{"loc":{"start":{"line":67,"column":23},"end":{"line":67,"column":null}},"type":"binary-expr","locations":[{"start":{"line":67,"column":23},"end":{"line":67,"column":49}},{"start":{"line":67,"column":49},"end":{"line":67,"column":null}}]},"5":{"loc":{"start":{"line":68,"column":11},"end":{"line":68,"column":null}},"type":"binary-expr","locations":[{"start":{"line":68,"column":11},"end":{"line":68,"column":26}},{"start":{"line":68,"column":26},"end":{"line":68,"column":42}},{"start":{"line":68,"column":42},"end":{"line":68,"column":null}}]},"6":{"loc":{"start":{"line":72,"column":4},"end":{"line":72,"column":null}},"type":"if","locations":[{"start":{"line":72,"column":4},"end":{"line":72,"column":null}}]},"7":{"loc":{"start":{"line":78,"column":6},"end":{"line":84,"column":null}},"type":"if","locations":[{"start":{"line":78,"column":6},"end":{"line":84,"column":null}},{"start":{"line":81,"column":13},"end":{"line":84,"column":null}}]},"8":{"loc":{"start":{"line":79,"column":16},"end":{"line":79,"column":null}},"type":"cond-expr","locations":[{"start":{"line":79,"column":36},"end":{"line":79,"column":66}},{"start":{"line":79,"column":66},"end":{"line":79,"column":null}}]},"9":{"loc":{"start":{"line":80,"column":16},"end":{"line":80,"column":null}},"type":"cond-expr","locations":[{"start":{"line":80,"column":36},"end":{"line":80,"column":66}},{"start":{"line":80,"column":66},"end":{"line":80,"column":null}}]},"10":{"loc":{"start":{"line":81,"column":13},"end":{"line":84,"column":null}},"type":"if","locations":[{"start":{"line":81,"column":13},"end":{"line":84,"column":null}}]},"11":{"loc":{"start":{"line":82,"column":16},"end":{"line":82,"column":null}},"type":"cond-expr","locations":[{"start":{"line":82,"column":29},"end":{"line":82,"column":52}},{"start":{"line":82,"column":52},"end":{"line":82,"column":null}}]},"12":{"loc":{"start":{"line":83,"column":16},"end":{"line":83,"column":null}},"type":"cond-expr","locations":[{"start":{"line":83,"column":29},"end":{"line":83,"column":52}},{"start":{"line":83,"column":52},"end":{"line":83,"column":null}}]},"13":{"loc":{"start":{"line":86,"column":6},"end":{"line":86,"column":null}},"type":"if","locations":[{"start":{"line":86,"column":6},"end":{"line":86,"column":null}}]},"14":{"loc":{"start":{"line":86,"column":10},"end":{"line":86,"column":44}},"type":"binary-expr","locations":[{"start":{"line":86,"column":10},"end":{"line":86,"column":28}},{"start":{"line":86,"column":28},"end":{"line":86,"column":44}}]},"15":{"loc":{"start":{"line":87,"column":6},"end":{"line":87,"column":null}},"type":"if","locations":[{"start":{"line":87,"column":6},"end":{"line":87,"column":null}}]},"16":{"loc":{"start":{"line":88,"column":6},"end":{"line":88,"column":null}},"type":"if","locations":[{"start":{"line":88,"column":6},"end":{"line":88,"column":null}}]},"17":{"loc":{"start":{"line":90,"column":6},"end":{"line":94,"column":null}},"type":"if","locations":[{"start":{"line":90,"column":6},"end":{"line":94,"column":null}},{"start":{"line":92,"column":13},"end":{"line":94,"column":null}}]},"18":{"loc":{"start":{"line":101,"column":4},"end":{"line":101,"column":null}},"type":"if","locations":[{"start":{"line":101,"column":4},"end":{"line":101,"column":null}}]},"19":{"loc":{"start":{"line":101,"column":8},"end":{"line":101,"column":51}},"type":"binary-expr","locations":[{"start":{"line":101,"column":8},"end":{"line":101,"column":24}},{"start":{"line":101,"column":24},"end":{"line":101,"column":51}}]},"20":{"loc":{"start":{"line":168,"column":8},"end":{"line":172,"column":null}},"type":"cond-expr","locations":[{"start":{"line":168,"column":8},"end":{"line":172,"column":null}}]},"21":{"loc":{"start":{"line":173,"column":8},"end":{"line":191,"column":32}},"type":"cond-expr","locations":[{"start":{"line":173,"column":8},"end":{"line":191,"column":32}}]},"22":{"loc":{"start":{"line":192,"column":8},"end":{"line":221,"column":9}},"type":"cond-expr","locations":[{"start":{"line":192,"column":8},"end":{"line":221,"column":9}}]},"23":{"loc":{"start":{"line":195,"column":15},"end":{"line":195,"column":184}},"type":"cond-expr","locations":[{"start":{"line":195,"column":133},"end":{"line":195,"column":157}},{"start":{"line":195,"column":157},"end":{"line":195,"column":184}}]},"24":{"loc":{"start":{"line":195,"column":15},"end":{"line":195,"column":133}},"type":"binary-expr","locations":[{"start":{"line":195,"column":15},"end":{"line":195,"column":58}},{"start":{"line":195,"column":58},"end":{"line":195,"column":79}},{"start":{"line":195,"column":79},"end":{"line":195,"column":108}},{"start":{"line":195,"column":108},"end":{"line":195,"column":133}}]},"25":{"loc":{"start":{"line":198,"column":15},"end":{"line":200,"column":122}},"type":"cond-expr","locations":[{"start":{"line":199,"column":18},"end":{"line":199,"column":null}},{"start":{"line":200,"column":18},"end":{"line":200,"column":122}}]},"26":{"loc":{"start":{"line":198,"column":15},"end":{"line":198,"column":null}},"type":"binary-expr","locations":[{"start":{"line":198,"column":15},"end":{"line":198,"column":58}},{"start":{"line":198,"column":58},"end":{"line":198,"column":79}},{"start":{"line":198,"column":79},"end":{"line":198,"column":108}},{"start":{"line":198,"column":108},"end":{"line":198,"column":null}}]},"27":{"loc":{"start":{"line":207,"column":16},"end":{"line":209,"column":null}},"type":"cond-expr","locations":[{"start":{"line":208,"column":18},"end":{"line":208,"column":null}},{"start":{"line":209,"column":18},"end":{"line":209,"column":null}}]},"28":{"loc":{"start":{"line":207,"column":16},"end":{"line":207,"column":null}},"type":"binary-expr","locations":[{"start":{"line":207,"column":16},"end":{"line":207,"column":59}},{"start":{"line":207,"column":59},"end":{"line":207,"column":80}},{"start":{"line":207,"column":80},"end":{"line":207,"column":109}},{"start":{"line":207,"column":109},"end":{"line":207,"column":null}}]},"29":{"loc":{"start":{"line":231,"column":25},"end":{"line":231,"column":null}},"type":"binary-expr","locations":[{"start":{"line":231,"column":25},"end":{"line":231,"column":52}},{"start":{"line":231,"column":52},"end":{"line":231,"column":null}}]},"30":{"loc":{"start":{"line":232,"column":25},"end":{"line":232,"column":null}},"type":"cond-expr","locations":[{"start":{"line":232,"column":39},"end":{"line":232,"column":60}},{"start":{"line":232,"column":63},"end":{"line":232,"column":null}}]},"31":{"loc":{"start":{"line":244,"column":17},"end":{"line":244,"column":36}},"type":"binary-expr","locations":[{"start":{"line":244,"column":17},"end":{"line":244,"column":36}}]},"32":{"loc":{"start":{"line":249,"column":17},"end":{"line":249,"column":29}},"type":"binary-expr","locations":[{"start":{"line":249,"column":17},"end":{"line":249,"column":29}}]},"33":{"loc":{"start":{"line":254,"column":17},"end":{"line":254,"column":26}},"type":"binary-expr","locations":[{"start":{"line":254,"column":17},"end":{"line":254,"column":26}}]},"34":{"loc":{"start":{"line":262,"column":17},"end":{"line":262,"column":24}},"type":"binary-expr","locations":[{"start":{"line":262,"column":17},"end":{"line":262,"column":24}}]}},"s":{"0":0,"1":0,"2":0,"3":0,"4":0,"5":0,"6":0,"7":0,"8":0,"9":0,"10":0,"11":0,"12":0,"13":0,"14":0,"15":0,"16":0,"17":0,"18":0,"19":0,"20":0,"21":0,"22":0,"23":0,"24":0,"25":0,"26":0,"27":0,"28":0,"29":0,"30":0,"31":0,"32":0,"33"
[...]
lumn":null}},"40":{"start":{"line":102,"column":92},"end":{"line":102,"column":null}},"41":{"start":{"line":103,"column":4},"end":{"line":103,"column":null}},"42":{"start":{"line":105,"column":2},"end":{"line":105,"column":null}},"43":{"start":{"line":108,"column":29},"end":{"line":123,"column":null}},"44":{"start":{"line":109,"column":2},"end":{"line":109,"column":58}},"45":{"start":{"line":109,"column":31},"end":{"line":109,"column":58}},"46":{"start":{"line":110,"column":29},"end":{"line":120,"column":null}},"47":{"start":{"line":115,"column":49},"end":{"line":115,"column":null}},"48":{"start":{"line":116,"column":47},"end":{"line":116,"column":null}},"49":{"start":{"line":117,"column":43},"end":{"line":117,"column":null}},"50":{"start":{"line":118,"column":46},"end":{"line":118,"column":null}},"51":{"start":{"line":119,"column":53},"end":{"line":119,"column":null}},"52":{"start":{"line":121,"column":2},"end":{"line":121,"column":null}},"53":{"start":{"line":122,"column":2},"end":{"line":122,"column":49}},"54":{"start":{"line":125,"column":32},"end":{"line":142,"column":null}},"55":{"start":{"line":126,"column":2},"end":{"line":126,"column":58}},"56":{"start":{"line":126,"column":31},"end":{"line":126,"column":58}},"57":{"start":{"line":127,"column":16},"end":{"line":127,"column":null}},"58":{"start":{"line":127,"column":43},"end":{"line":127,"column":68}},"59":{"start":{"line":128,"column":2},"end":{"line":140,"column":null}},"60":{"start":{"line":129,"column":4},"end":{"line":138,"column":null}},"61":{"start":{"line":133,"column":55},"end":{"line":133,"column":null}},"62":{"start":{"line":134,"column":53},"end":{"line":134,"column":null}},"63":{"start":{"line":135,"column":49},"end":{"line":135,"column":null}},"64":{"start":{"line":136,"column":52},"end":{"line":136,"column":null}},"65":{"start":{"line":137,"column":59},"end":{"line":137,"column":null}},"66":{"start":{"line":139,"column":4},"end":{"line":139,"column":null}},"67":{"start":{"line":141,"column":2},"end":{"line":141,"column":null}},"68":{"start":{"line":144,"column":32},"end":{"line":148,"column":null}},"69":{"start":{"line":145,"column":24},"end":{"line":145,"column":42}},"70":{"start":{"line":146,"column":2},"end":{"line":146,"column":null}},"71":{"start":{"line":146,"column":45},"end":{"line":146,"column":null}},"72":{"start":{"line":147,"column":2},"end":{"line":147,"column":null}}},"fnMap":{"0":{"name":"(anonymous_9)","decl":{"start":{"line":4,"column":19},"end":{"line":4,"column":25}},"loc":{"start":{"line":4,"column":25},"end":{"line":4,"column":null}}},"1":{"name":"(anonymous_10)","decl":{"start":{"line":20,"column":37},"end":{"line":20,"column":38}},"loc":{"start":{"line":20,"column":38},"end":{"line":27,"column":null}}},"2":{"name":"(anonymous_11)","decl":{"start":{"line":21,"column":51},"end":{"line":21,"column":57}},"loc":{"start":{"line":21,"column":57},"end":{"line":21,"column":83}}},"3":{"name":"(anonymous_12)","decl":{"start":{"line":29,"column":37},"end":{"line":29,"column":38}},"loc":{"start":{"line":29,"column":38},"end":{"line":33,"column":null}}},"4":{"name":"(anonymous_13)","decl":{"start":{"line":31,"column":61},"end":{"line":31,"column":71}},"loc":{"start":{"line":31,"column":71},"end":{"line":31,"column":null}}},"5":{"name":"(anonymous_14)","decl":{"start":{"line":91,"column":33},"end":{"line":91,"column":40}},"loc":{"start":{"line":91,"column":40},"end":{"line":106,"column":null}}},"6":{"name":"(anonymous_15)","decl":{"start":{"line":92,"column":20},"end":{"line":92,"column":31}},"loc":{"start":{"line":92,"column":31},"end":{"line":92,"column":58}}},"7":{"name":"(anonymous_16)","decl":{"start":{"line":93,"column":34},"end":{"line":93,"column":39}},"loc":{"start":{"line":93,"column":39},"end":{"line":93,"column":null}}},"8":{"name":"(anonymous_17)","decl":{"start":{"line":98,"column":66},"end":{"line":98,"column":67}},"loc":{"start":{"line":98,"column":94},"end":{"line":98,"column":null}}},"9":{"name":"(anonymous_18)","decl":{"start":{"line":99,"column":64},"end":{"line":99,"column":65}},"loc":{"start":{"line":99,"column":91},"end":{"line":99,"column":null}}},"10":{"name":"(anonymous_19)","decl":{"start":{"line":100,"column":58},"end":{"line":100,"column":59}},"loc":{"start":{"line":100,"column":80},"end":{"line":100,"column":null}}},"11":{"name":"(anonymous_20)","decl":{"start":{"line":101,"column":62},"end":{"line":101,"column":63}},"loc":{"start":{"line":101,"column":87},"end":{"line":101,"column":null}}},"12":{"name":"(anonymous_21)","decl":{"start":{"line":102,"column":70},"end":{"line":102,"column":71}},"loc":{"start":{"line":102,"column":92},"end":{"line":102,"column":null}}},"13":{"name":"(anonymous_22)","decl":{"start":{"line":108,"column":29},"end":{"line":108,"column":36}},"loc":{"start":{"line":108,"column":36},"end":{"line":123,"column":null}}},"14":{"name":"(anonymous_23)","decl":{"start":{"line":109,"column":20},"end":{"line":109,"column":31}},"loc":{"start":{"line":109,"column":31},"end":{"line":109,"column":58}}},"15":{"name":"(anonymous_24)","decl":{"start":{"line":115,"column":41},"end":{"line":115,"column":49}},"loc":{"start":{"line":115,"column":49},"end":{"line":115,"column":null}}},"16":{"name":"(anonymous_25)","decl":{"start":{"line":116,"column":39},"end":{"line":116,"column":47}},"loc":{"start":{"line":116,"column":47},"end":{"line":116,"column":null}}},"17":{"name":"(anonymous_26)","decl":{"start":{"line":117,"column":33},"end":{"line":117,"column":43}},"loc":{"start":{"line":117,"column":43},"end":{"line":117,"column":null}}},"18":{"name":"(anonymous_27)","decl":{"start":{"line":118,"column":37},"end":{"line":118,"column":46}},"loc":{"start":{"line":118,"column":46},"end":{"line":118,"column":null}}},"19":{"name":"(anonymous_28)","decl":{"start":{"line":119,"column":45},"end":{"line":119,"column":53}},"loc":{"start":{"line":119,"column":53},"end":{"line":119,"column":null}}},"20":{"name":"(anonymous_29)","decl":{"start":{"line":125,"column":32},"end":{"line":125,"column":39}},"loc":{"start":{"line":125,"column":39},"end":{"line":142,"column":null}}},"21":{"name":"(anonymous_30)","decl":{"start":{"line":126,"column":20},"end":{"line":126,"column":31}},"loc":{"start":{"line":126,"column":31},"end":{"line":126,"column":58}}},"22":{"name":"(anonymous_31)","decl":{"start":{"line":127,"column":38},"end":{"line":127,"column":43}},"loc":{"start":{"line":127,"column":43},"end":{"line":127,"column":68}}},"23":{"name":"(anonymous_32)","decl":{"start":{"line":133,"column":47},"end":{"line":133,"column":55}},"loc":{"start":{"line":133,"column":55},"end":{"line":133,"column":null}}},"24":{"name":"(anonymous_33)","decl":{"start":{"line":134,"column":45},"end":{"line":134,"column":53}},"loc":{"start":{"line":134,"column":53},"end":{"line":134,"column":null}}},"25":{"name":"(anonymous_34)","decl":{"start":{"line":135,"column":39},"end":{"line":135,"column":49}},"loc":{"start":{"line":135,"column":49},"end":{"line":135,"column":null}}},"26":{"name":"(anonymous_35)","decl":{"start":{"line":136,"column":43},"end":{"line":136,"column":52}},"loc":{"start":{"line":136,"column":52},"end":{"line":136,"column":null}}},"27":{"name":"(anonymous_36)","decl":{"start":{"line":137,"column":51},"end":{"line":137,"column":59}},"loc":{"start":{"line":137,"column":59},"end":{"line":137,"column":null}}},"28":{"name":"(anonymous_37)","decl":{"start":{"line":144,"column":32},"end":{"line":144,"column":33}},"loc":{"start":{"line":144,"column":33},"end":{"line":148,"column":null}}},"29":{"name":"(anonymous_38)","decl":{"start":{"line":146,"column":35},"end":{"line":146,"column":45}},"loc":{"start":{"line":146,"column":45},"end":{"line":146,"column":null}}}},"branchMap":{"0":{"loc":{"start":{"line":22,"column":2},"end":{"line":25,"column":null}},"type":"if","locations":[{"start":{"line":22,"column":2},"end":{"line":25,"column":null}}]},"1":{"loc":{"start":{"line":94,"column":2},"end":{"line":104,"column":null}},"type":"if","locations":[{"start":{"line":94,"column":2},"end":{"line":104,"column":null}}]},"2":{"loc":{"start":{"line":98,"column":109},"end":{"line":98,"column":133}},"type":"binary-expr","locations":[{"start":{"line":98,"column":109},"end":{"line":98,"column":116}},{"start":{"line":98,"column":120},"end":{"line":98,"column":133}}]},"3":{"loc":{"start":{"line":99,"column":106},"end":{"line":99,"column":130}},"type":"binary-expr","locations":[{"start":{"line":99,"column":106},"end":{"line":99,"column":113}},{"start":{"line":99,"column":117},"end":{"line":99,"column":130}}]},"4":{"loc":{"start":{"line":100,"column":95},"end":{"line":100,"column":119}},"type":"binary-expr","locations":[{"start":{"line":100,"column":95},"end":{"line":100,"column":102}},{"start":{"line":100,"column":106},"end":{"line":100,"column":119}}]},"5":{"loc":{"start":{"line":101,"column":102},"end":{"line":101,"column":126}},"type":"binary-expr","locations":[{"start":{"line":101,"column":102},"end":{"line":101,"column":109}},{"start":{"line":101,"column":113},"end":{"line":101,"column":126}}]},"6":{"loc":{"start":{"line":102,"column":107},"end":{"line":102,"column":131}},"type":"binary-expr","locations":[{"start":{"line":102,"column":107},"end":{"line":102,"column":114}},{"start":{"line":102,"column":118},"end":{"line":102,"column":131}}]},"7":{"loc":{"start":{"line":115,"column":63},"end":{"line":115,"column":86}},"type":"binary-expr","locations":[{"start":{"line":115,"column":63},"end":{"line":115,"column":69}},{"start":{"line":115,"column":73},"end":{"line":115,"column":86}}]},"8":{"loc":{"start":{"line":116,"column":61},"end":{"line":116,"column":84}},"type":"binary-expr","locations":[{"start":{"line":116,"column":61},"end":{"line":116,"column":67}},{"start":{"line":116,"column":71},"end":{"line":116,"column":84}}]},"9":{"loc":{"start":{"line":117,"column":59},"end":{"line":117,"column":84}},"type":"binary-expr","locations":[{"start":{"line":117,"column":59},"end":{"line":117,"column":67}},{"start":{"line":117,"column":71},"end":{"line":117,"column":84}}]},"10":{"loc":{"start":{"line":118,"column":61},"end":{"line":118,"column":85}},"type":"binary-expr","locations":[{"start":{"line":118,"column":61},"end":{"line":118,"column":68}},{"start":{"line":118,"column":72},"end":{"line":118,"column":85}}]},"11":{"loc":{"start":{"line":119,"column":67},"end":{"line":119,"column":90}},"type":"binary-expr","locations":[{"start":{"line":119,"column":67},"end":{"line":119,"column":73}},{"start":{"line":119,"column":77},"end":{"line":119,"column":90}}]},"12":{"loc":{"start":{"line":128,"column":2},"end":{"line":140,"column":null}},"type":"if","locations":[{"start":{"line":128,"column":2},"end":{"line":140,"column":null}}]},"13":{"loc":{"start":{"line":133,"column":69},"end":{"line":133,"column":92}},"type":"binary-expr","locations":[{"start":{"line":133,"column":69},"end":{"line":133,"column":75}},{"start":{"line":133,"column":79},"end":{"line":133,"column":92}}]},"14":{"loc":{"start":{"line":134,"column":67},"end":{"line":134,"column":90}},"type":"binary-expr","locations":[{"start":{"line":134,"column":67},"end":{"line":134,"column":73}},{"start":{"line":134,"column":77},"end":{"line":134,"column":90}}]},"15":{"loc":{"start":{"line":135,"column":65},"end":{"line":135,"column":90}},"type":"binary-expr","locations":[{"start":{"line":135,"column":65},"end":{"line":135,"column":73}},{"start":{"line":135,"column":77},"end":{"line":135,"column":90}}]},"16":{"loc":{"start":{"line":136,"column":67},"end":{"line":136,"column":91}},"type":"binary-expr","locations":[{"start":{"line":136,"column":67},"end":{"line":136,"column":74}},{"start":{"line":136,"column":78},"end":{"line":136,"column":91}}]},"17":{"loc":{"start":{"line":137,"column":73},"end":{"line":137,"column":96}},"type":"binary-expr","locations":[{"start":{"line":137,"column":73},"end":{"line":137,"column":79}},{"start":{"line":137,"column":83},"end":{"line":137,"column":96}}]}},"s":{"0":0,"1":0,"2":0,"3":0,"4":0,"5":0,"6":0,"7":0,"8":0,"9":0,"10":0,"11":0,"12":0,"13":0,"14":0,"15":0,"16":0,"17":0,"18":0,"19":0,"20":0,"21":0,"22":0,"23":0,"24":0,"25":0,"26":0,"27":0,"28":0,"29":0,"30":0,"31":0,"32":0,"33":0,"34":0,"35":0,"36":0,"37":0,"38":0,"39":0,"40":0,"41":0,"42":0,"43":0,"44":0,"45":0,"46":0,"47":0,"48":0,"49":0,"50":0,"51":0,"52":0,"53":0,"54":0,"55":0,"56":0,"57":0,"58":0,"59":0,"60":0,"61":0,"62":0,"63":0,"64":0,"65":0,"66":0,"67":0,"68":0,"69":0,"70":0,"71":0,"72":0},"f":{"0":0,"1":0,"2":0,"3":0,"4":0,"5":0,"6":0,"7":0,"8":0,"9":0,"10":0,"11":0,"12":0,"13":0,"14":0,"15":0,"16":0,"17":0,"18":0,"19":0,"20":0,"21":0,"22":0,"23":0,"24":0,"25":0,"26":0,"27":0,"28":0,"29":0},"b":{"0":[0],"1":[0],"2":[0,0],"3":[0,0],"4":[0,0],"5":[0,0],"6":[0,0],"7":[0,0],"8":[0,0],"9":[0,0],"10":[0,0],"11":[0,0],"12":[0],"13":[0,0],"14":[0,0],"15":[0,0],"16":[0,0],"17":[0,0]}}
,"/Users/srijachatterjee/Code/career-compass/frontend/src/lib/prisma.ts": {"path":"/Users/srijachatterjee/Code/career-compass/frontend/src/lib/prisma.ts","statementMap":{"0":{"start":{"line":7,"column":13},"end":{"line":7,"column":22}},"1":{"start":{"line":1,"column":29},"end":{"line":1,"column":null}},"2":{"start":{"line":3,"column":24},"end":{"line":3,"column":null}},"3":{"start":{"line":7,"column":22},"end":{"line":7,"column":null}},"4":{"start":{"line":9,"column":0},"end":{"line":9,"column":null}},"5":{"start":{"line":9,"column":43},"end":{"line":9,"column":null}}},"fnMap":{},"branchMap":{"0":{"loc":{"start":{"line":7,"column":22},"end":{"line":7,"column":null}},"type":"binary-expr","locations":[{"start":{"line":7,"column":22},"end":{"line":7,"column":44}},{"start":{"line":7,"column":48},"end":{"line":7,"column":null}}]},"1":{"loc":{"start":{"line":9,"column":0},"end":{"line":9,"column":null}},"type":"if","locations":[{"start":{"line":9,"column":0},"end":{"line":9,"column":null}}]}},"s":{"0":2,"1":1,"2":1,"3":1,"4":1,"5":1},"f":{},"b":{"0":[1,1],"1":[1]}}
,"/Users/srijachatterjee/Code/career-compass/frontend/src/lib/utils.ts": {"path":"/Users/srijachatterjee/Code/career-compass/frontend/src/lib/utils.ts","statementMap":{"0":{"start":{"line":4,"column":16},"end":{"line":4,"column":19}},"1":{"start":{"line":1,"column":38},"end":{"line":1,"column":null}},"2":{"start":{"line":2,"column":24},"end":{"line":2,"column":null}},"3":{"start":{"line":5,"column":2},"end":{"line":5,"column":null}}},"fnMap":{"0":{"name":"cn","decl":{"start":{"line":4,"column":16},"end":{"line":4,"column":19}},"loc":{"start":{"line":4,"column":42},"end":{"line":6,"column":null}}}},"branchMap":{},"s":{"0":0,"1":0,"2":0,"3":0},"f":{"0":0},"b":{}}
,"/Users/srijachatterjee/Code/career-compass/frontend/src/services/auth.ts": {"path":"/Users/srijachatterjee/Code/career-compass/frontend/src/services/auth.ts","statementMap":{"0":{"start":{"line":85,"column":13},"end":{"line":85,"column":27}},"1":{"start":{"line":63,"column":13},"end":{"line":63,"column":22}},"2":{"start":{"line":80,"column":13},"end":{"line":80,"column":23}},"3":{"start":{"line":46,"column":13},"end":{"line":46,"column":25}},"4":{"start":{"line":2,"column":17},"end":{"line":2,"column":null}},"5":{"start":{"line":26,"column":20},"end":{"line":29,"column":null}},"6":{"start":{"line":27,"column":20},"end":{"line":27,"column":null}},"7":{"start":{"line":28,"column":2},"end":{"line":28,"column":null}},"8":{"start":{"line":31,"column":23},"end":{"line":44,"column":null}},"9":{"start":{"line":32,"column":15},"end":{"line":32,"column":null}},"10":{"start":{"line":33,"column":2},"end":{"line":40,"column":null}},"11":{"start":{"line":34,"column":21},"end":{"line":34,"column":null}},"12":{"start":{"line":35,"column":18},"end":{"line":35,"column":null}},"13":{"start":{"line":36,"column":4},"end":{"line":39,"column":null}},"14":{"start":{"line":41,"column":2},"end":{"line":43,"column":null}},"15":{"start":{"line":46,"column":28},"end":{"line":61,"column":null}},"16":{"start":{"line":47,"column":19},"end":{"line":53,"column":null}},"17":{"start":{"line":55,"column":2},"end":{"line":58,"column":null}},"18":{"start":{"line":56,"column":18},"end":{"line":56,"column":null}},"19":{"start":{"line":57,"column":4},"end":{"line":57,"column":null}},"20":{"start":{"line":60,"column":2},"end":{"line":60,"column":null}},"21":{"start":{"line":63,"column":25},"end":{"line":78,"column":null}},"22":{"start":{"line":64,"column":19},"end":{"line":70,"column":null}},"23":{"start":{"line":72,"column":2},"end":{"line":75,"column":null}},"24":{"start":{"line":73,"column":18},"end":{"line":73,"column":null}},"25":{"start":{"line":74,"column":4},"end":{"line":74,"column":null}},"26":{"start":{"line":77,"column":2},"end":{"line":77,"column":null}},"27":{"start":{"line":80,"column":26},"end":{"line":83,"column":null}},"28":{"start":{"line":82,"column":2},"end":{"line":82,"column":null}},"29":{"start":{"line":85,"column":30},"end":{"line":97,"column":null}},"30":{"start":{"line":86,"column":19},"end":{"line":89,"column":null}},"31":{"start":{"line":91,"column":2},"end":{"line":94,"column":null}},"32":{"start":{"line":92,"column":18},"end":{"line":92,"column":null}},"33":{"start":{"line":93,"column":4},"end":{"line":93,"column":null}},"34":{"start":{"line":96,"column":2},"end":{"line":96,"column":null}}},"fnMap":{"0":{"name":"(anonymous_5)","decl":{"start":{"line":26,"column":20},"end":{"line":26,"column":21}},"loc":{"start":{"line":26,"column":21},"end":{"line":29,"column":null}}},"1":{"name":"(anonymous_6)","decl":{"start":{"line":31,"column":23},"end":{"line":31,"column":null}},"loc":{"start":{"line":31,"column":23},"end":{"line":44,"column":null}}},"2":{"name":"(anonymous_7)","decl":{"start":{"line":46,"column":28},"end":{"line":46,"column":35}},"loc":{"start":{"line":46,"column":35},"end":{"line":61,"column":null}}},"3":{"name":"(anonymous_8)","decl":{"start":{"line":63,"column":25},"end":{"line":63,"column":32}},"loc":{"start":{"line":63,"column":32},"end":{"line":78,"column":null}}},"4":{"name":"(anonymous_9)","decl":{"start":{"line":80,"column":26},"end":{"line":80,"column":null}},"loc":{"start":{"line":80,"column":26},"end":{"line":83,"column":null}}},"5":{"name":"(anonymous_10)","decl":{"start":{"line":85,"column":30},"end":{"line":85,"column":null}},"loc":{"start":{"line":85,"column":30},"end":{"line":97,"column":null}}}},"branchMap":{"0":{"loc":{"start":{"line":33,"column":2},"end":{"line":40,"column":null}},"type":"if","locations":[{"start":{"line":33,"column":2},"end":{"line":40,"column":null}}]},"1":{"loc":{"start":{"line":55,"column":2},"end":{"line":58,"column":null}},"type":"if","locations":[{"start":{"line":55,"column":2},"end":{"line":58,"column":null}}]},"2":{"loc":{"start":{"line":57,"column":20},"end":{"line":57,"column":null}},"type":"binary-expr","locations":[{"start":{"line":57,"column":20},"end":{"line":57,"column":31}},{"start":{"line":57,"column":35},"end":{"line":57,"column":null}}]},"3":{"loc":{"start":{"line":72,"column":2},"end":{"line":75,"column":null}},"type":"if","locations":[{"start":{"line":72,"column":2},"end":{"line":75,"column":null}}]},"4":{"loc":{"start":{"line":74,"column":20},"end":{"line":74,"column":null}},"type":"binary-expr","locations":[{"start":{"line":74,"column":20},"end":{"line":74,"column":31}},{"start":{"line":74,"column":35},"end":{"line":74,"column":null}}]},"5":{"loc":{"start":{"line":91,"column":2},"end":{"line":94,"column":null}},"type":"if","locations":[{"start":{"line":91,"column":2},"end":{"line":94,"column":null}}]},"6":{"loc":{"start":{"line":93,"column":20},"end":{"line":93,"column":null}},"type":"binary-expr","locations":[{"start":{"line":93,"column":20},"end":{"line":93,"column":31}},{"start":{"line":93,"column":35},"end":{"line":93,"column":null}}]}},"s":{"0":0,"1":0,"2":0,"3":0,"4":0,"5":0,"6":0,"7":0,"8":0,"9":0,"10":0,"11":0,"12":0,"13":0,"14":0,"15":0,"16":0,"17":0,"18":0,"19":0,"20":0,"21":0,"22":0,"23":0,"24":0,"25":0,"26":0,"27":0,"28":0,"29":0,"30":0,"31":0,"32":0,"33":0,"34":0},"f":{"0":0,"1":0,"2":0,"3":0,"4":0,"5":0},"b":{"0":[0],"1":[0],"2":[0,0],"3":[0],"4":[0,0],"5":[0],"6":[0,0]}}
}
